[I 2026-01-26 18:04:19.746 ServerApp] jupyter_lsp | extension was successfully linked.
[I 2026-01-26 18:04:19.748 ServerApp] jupyter_server_terminals | extension was successfully linked.
[I 2026-01-26 18:04:19.750 ServerApp] jupyterlab | extension was successfully linked.
[I 2026-01-26 18:04:19.750 ServerApp] jupyterlab_nvdashboard | extension was successfully linked.
[I 2026-01-26 18:04:19.750 ServerApp] jupyterlab_nvidia_nsight | extension was successfully linked.
[I 2026-01-26 18:04:19.937 ServerApp] notebook_shim | extension was successfully linked.
[I 2026-01-26 18:04:19.950 ServerApp] notebook_shim | extension was successfully loaded.
[I 2026-01-26 18:04:19.951 ServerApp] jupyter_lsp | extension was successfully loaded.
[I 2026-01-26 18:04:19.951 ServerApp] jupyter_server_terminals | extension was successfully loaded.
[I 2026-01-26 18:04:19.952 LabApp] JupyterLab extension loaded from /home/aispark/Project/Facial_rec_DL/.venv/lib/python3.12/site-packages/jupyterlab
[I 2026-01-26 18:04:19.952 LabApp] JupyterLab application directory is /home/aispark/Project/Facial_rec_DL/.venv/share/jupyter/lab
[I 2026-01-26 18:04:19.952 LabApp] Extension Manager is 'pypi'.
[I 2026-01-26 18:04:19.982 ServerApp] jupyterlab | extension was successfully loaded.
[I 2026-01-26 18:04:19.982 ServerApp] Registered jupyterlab_nvdashboard server extension
[I 2026-01-26 18:04:19.982 ServerApp] jupyterlab_nvdashboard | extension was successfully loaded.
[I 2026-01-26 18:04:19.983 ServerApp] Registered jupyterlab_nvidia_nsight server extension
[I 2026-01-26 18:04:19.983 ServerApp] jupyterlab_nvidia_nsight | extension was successfully loaded.
[I 2026-01-26 18:04:19.983 ServerApp] Serving notebooks from local directory: /home/aispark/Project/Facial_rec_DL
[I 2026-01-26 18:04:19.983 ServerApp] Jupyter Server 2.17.0 is running at:
[I 2026-01-26 18:04:19.983 ServerApp] http://localhost:11002/lab?token=9fd1d0a111b71fd2ae95bd08c5912fc34ce1daaa1bb885f9
[I 2026-01-26 18:04:19.983 ServerApp]     http://127.0.0.1:11002/lab?token=9fd1d0a111b71fd2ae95bd08c5912fc34ce1daaa1bb885f9
[I 2026-01-26 18:04:19.983 ServerApp] Use Control-C to stop this server and shut down all kernels (twice to skip confirmation).
[C 2026-01-26 18:04:19.984 ServerApp] 
    
    To access the server, open this file in a browser:
        file:///home/aispark/.local/share/jupyter/runtime/jpserver-209424-open.html
    Or copy and paste one of these URLs:
        http://localhost:11002/lab?token=9fd1d0a111b71fd2ae95bd08c5912fc34ce1daaa1bb885f9
        http://127.0.0.1:11002/lab?token=9fd1d0a111b71fd2ae95bd08c5912fc34ce1daaa1bb885f9
[I 2026-01-26 18:04:19.991 ServerApp] Skipped non-installed server(s): basedpyright, bash-language-server, dockerfile-language-server-nodejs, javascript-typescript-langserver, jedi-language-server, julia-language-server, pyrefly, pyright, python-language-server, python-lsp-server, r-languageserver, sql-language-server, texlab, typescript-language-server, unified-language-server, vscode-css-languageserver-bin, vscode-html-languageserver-bin, vscode-json-languageserver-bin, yaml-language-server
[I 2026-01-26 18:04:24.174 ServerApp] 302 GET /?token=[secret] (@127.0.0.1) 0.25ms
[W 2026-01-26 18:04:26.379 LabApp] Could not determine jupyterlab build status without nodejs
[W 2026-01-26 18:04:26.985 ServerApp] 404 GET /api/contents/test_env.py?content=0&hash=0&1769450666879 (f1ec6b7d3c544db2b8e8b0eb60b563f1@127.0.0.1) 1.13ms referer=http://localhost:11002/lab
[W 2026-01-26 18:04:26.985 ServerApp] 404 GET /api/contents/test_env.py?content=0&hash=0&1769450666879 (127.0.0.1): No such file or directory: test_env.py
[W 2026-01-26 18:04:26.986 ServerApp] 404 GET /api/contents/deepface_analysis.py?content=0&hash=0&1769450666880 (f1ec6b7d3c544db2b8e8b0eb60b563f1@127.0.0.1) 0.34ms referer=http://localhost:11002/lab
[W 2026-01-26 18:04:26.986 ServerApp] 404 GET /api/contents/deepface_analysis.py?content=0&hash=0&1769450666880 (127.0.0.1): No such file or directory: deepface_analysis.py
[W 2026-01-26 18:04:27.039 ServerApp] 404 GET /api/contents/deepface_analysis.py?content=0&hash=0&1769450666881 (f1ec6b7d3c544db2b8e8b0eb60b563f1@127.0.0.1) 0.29ms referer=http://localhost:11002/lab
[W 2026-01-26 18:04:27.039 ServerApp] 404 GET /api/contents/deepface_analysis.py?content=0&hash=0&1769450666881 (127.0.0.1): No such file or directory: deepface_analysis.py
[W 2026-01-26 18:04:27.039 ServerApp] 404 GET /api/contents/test_env.py?content=0&hash=0&1769450666882 (f1ec6b7d3c544db2b8e8b0eb60b563f1@127.0.0.1) 0.41ms referer=http://localhost:11002/lab
[W 2026-01-26 18:04:27.039 ServerApp] 404 GET /api/contents/test_env.py?content=0&hash=0&1769450666882 (127.0.0.1): No such file or directory: test_env.py
[W 2026-01-26 18:05:54.572 ServerApp] Notebook video_face_emotion_detection.ipynb is not trusted
[I 2026-01-26 18:05:55.178 ServerApp] Kernel started: 5bf4da73-e8ad-481c-a47c-e2939473d0a7
[I 2026-01-26 18:05:55.410 ServerApp] Adapting from protocol version 5.3 (kernel 5bf4da73-e8ad-481c-a47c-e2939473d0a7) to 5.4 (client).
[I 2026-01-26 18:05:55.411 ServerApp] Connecting to kernel 5bf4da73-e8ad-481c-a47c-e2939473d0a7.
[W 2026-01-26 18:05:55.411 ServerApp] The websocket_ping_timeout (90000) cannot be longer than the websocket_ping_interval (30000).
    Setting websocket_ping_timeout=30000
[I 2026-01-26 18:05:55.464 ServerApp] Adapting from protocol version 5.3 (kernel 5bf4da73-e8ad-481c-a47c-e2939473d0a7) to 5.4 (client).
[I 2026-01-26 18:05:55.465 ServerApp] Connecting to kernel 5bf4da73-e8ad-481c-a47c-e2939473d0a7.
[I 2026-01-26 18:05:55.521 ServerApp] Adapting from protocol version 5.3 (kernel 5bf4da73-e8ad-481c-a47c-e2939473d0a7) to 5.4 (client).
[I 2026-01-26 18:05:55.521 ServerApp] Connecting to kernel 5bf4da73-e8ad-481c-a47c-e2939473d0a7.
[I 2026-01-26 18:05:59.492 ServerApp] Starting buffering for 5bf4da73-e8ad-481c-a47c-e2939473d0a7:af858747-6954-4fdb-9a2a-a9bd8f7cd02e
[W 2026-01-26 18:06:00.353 ServerApp] Notebook video_face_recognition.ipynb is not trusted
[I 2026-01-26 18:06:01.309 ServerApp] Kernel started: fe1b3cbb-44f6-4aa5-a1a4-86fafb7d1a77
[I 2026-01-26 18:06:01.611 ServerApp] Adapting from protocol version 5.3 (kernel fe1b3cbb-44f6-4aa5-a1a4-86fafb7d1a77) to 5.4 (client).
[I 2026-01-26 18:06:01.611 ServerApp] Connecting to kernel fe1b3cbb-44f6-4aa5-a1a4-86fafb7d1a77.
[I 2026-01-26 18:06:05.084 ServerApp] Starting buffering for fe1b3cbb-44f6-4aa5-a1a4-86fafb7d1a77:a5a74705-d483-4d12-85fd-a143ec600f4b
[W 2026-01-26 18:06:08.375 ServerApp] Notebook image_face_recognition.ipynb is not trusted
[W 2026-01-26 18:06:09.224 ServerApp] 404 GET /api/contents/.venv/lib/python3.12/site-packages/face_recognition_models/__init__.py?content=0&hash=0&1769450769112 (f1ec6b7d3c544db2b8e8b0eb60b563f1@127.0.0.1) 0.72ms referer=http://localhost:11002/lab/tree/image_face_recognition.ipynb
[I 2026-01-26 18:06:09.224 ServerApp] Refusing to serve hidden file or directory '/home/aispark/Project/Facial_rec_DL/.venv/lib/python3.12/site-packages/face_recognition_models/__init__.py', via 404 Error
[E 2026-01-26 18:06:09.224 ServerApp] Uncaught exception GET /api/contents/.venv/lib/python3.12/site-packages/face_recognition_models/__init__.py?content=0&hash=0&1769450769112 (127.0.0.1)
    HTTPServerRequest(protocol='http', host='localhost:11002', method='GET', uri='/api/contents/.venv/lib/python3.12/site-packages/face_recognition_models/__init__.py?content=0&hash=0&1769450769112', version='HTTP/1.1', remote_ip='127.0.0.1')
    Traceback (most recent call last):
      File "/home/aispark/Project/Facial_rec_DL/.venv/lib/python3.12/site-packages/jupyter_server/services/contents/handlers.py", line 156, in get
        model = await ensure_async(
                ^^^^^^^^^^^^^^^^^^^
      File "/home/aispark/Project/Facial_rec_DL/.venv/lib/python3.12/site-packages/jupyter_core/utils/__init__.py", line 214, in ensure_async
        result = await obj
                 ^^^^^^^^^
      File "/home/aispark/Project/Facial_rec_DL/.venv/lib/python3.12/site-packages/jupyter_server/services/contents/filemanager.py", line 928, in get
        model = await self._file_model(
                ^^^^^^^^^^^^^^^^^^^^^^^
      File "/home/aispark/Project/Facial_rec_DL/.venv/lib/python3.12/site-packages/jupyter_server/services/contents/filemanager.py", line 829, in _file_model
        model = self._base_model(path)
                ^^^^^^^^^^^^^^^^^^^^^^
      File "/home/aispark/Project/Facial_rec_DL/.venv/lib/python3.12/site-packages/jupyter_server/services/contents/filemanager.py", line 237, in _base_model
        raise web.HTTPError(404, four_o_four)
    tornado.web.HTTPError: HTTP 404: Not Found (file or directory does not exist: '.venv/lib/python3.12/site-packages/face_recognition_models/__init__.py')
    
    During handling of the above exception, another exception occurred:
    
    Traceback (most recent call last):
      File "/home/aispark/Project/Facial_rec_DL/.venv/lib/python3.12/site-packages/tornado/web.py", line 1859, in _execute
        result = await result
                 ^^^^^^^^^^^^
      File "/home/aispark/Project/Facial_rec_DL/.venv/lib/python3.12/site-packages/jupyter_server/auth/decorator.py", line 73, in inner
        return await out
               ^^^^^^^^^
      File "/home/aispark/Project/Facial_rec_DL/.venv/lib/python3.12/site-packages/jupyter_server/services/contents/handlers.py", line 182, in get
        await self._finish_error(
      File "/home/aispark/Project/Facial_rec_DL/.venv/lib/python3.12/site-packages/jupyter_server/services/contents/handlers.py", line 114, in _finish_error
        self.write(message)
      File "/home/aispark/Project/Facial_rec_DL/.venv/lib/python3.12/site-packages/tornado/web.py", line 974, in write
        raise RuntimeError("Cannot write() after finish()")
    RuntimeError: Cannot write() after finish()
[I 2026-01-26 18:06:09.546 ServerApp] Kernel started: 1b3f06ab-9e28-4919-a1b4-fc6516811042
[I 2026-01-26 18:06:09.799 ServerApp] Adapting from protocol version 5.3 (kernel 1b3f06ab-9e28-4919-a1b4-fc6516811042) to 5.4 (client).
[I 2026-01-26 18:06:09.799 ServerApp] Connecting to kernel 1b3f06ab-9e28-4919-a1b4-fc6516811042.
[I 2026-01-26 18:06:18.390 ServerApp] Starting buffering for 1b3f06ab-9e28-4919-a1b4-fc6516811042:bcd6261f-f479-499c-9b38-85cff3fb52e4
[W 2026-01-26 18:06:19.332 ServerApp] Notebook image_face_emotion_detection.ipynb is not trusted
[I 2026-01-26 18:06:19.873 ServerApp] Kernel started: 15a1fb6d-e415-440f-a3a0-fac8653864ca
[I 2026-01-26 18:06:20.082 ServerApp] Adapting from protocol version 5.3 (kernel 15a1fb6d-e415-440f-a3a0-fac8653864ca) to 5.4 (client).
[I 2026-01-26 18:06:20.082 ServerApp] Connecting to kernel 15a1fb6d-e415-440f-a3a0-fac8653864ca.
[I 2026-01-26 18:06:26.792 ServerApp] Starting buffering for 15a1fb6d-e415-440f-a3a0-fac8653864ca:2ae58bc5-8990-4b91-a74e-6ff9adfa061d
[W 2026-01-26 18:06:28.236 ServerApp] Notebook image_face_detection.ipynb is not trusted
[I 2026-01-26 18:06:28.468 ServerApp] Kernel started: 7182a487-cbd9-4b2d-b21f-4fa1ad4803c5
[I 2026-01-26 18:06:28.679 ServerApp] Adapting from protocol version 5.3 (kernel 7182a487-cbd9-4b2d-b21f-4fa1ad4803c5) to 5.4 (client).
[I 2026-01-26 18:06:28.680 ServerApp] Connecting to kernel 7182a487-cbd9-4b2d-b21f-4fa1ad4803c5.
[W 2026-01-26 18:06:32.281 ServerApp] Notebook image_age_gender_detection.ipynb is not trusted
[I 2026-01-26 18:06:32.869 ServerApp] Kernel started: f1d208c6-0fed-458f-a527-26fa110b9407
[I 2026-01-26 18:06:33.134 ServerApp] Adapting from protocol version 5.3 (kernel f1d208c6-0fed-458f-a527-26fa110b9407) to 5.4 (client).
[I 2026-01-26 18:06:33.134 ServerApp] Connecting to kernel f1d208c6-0fed-458f-a527-26fa110b9407.
[I 2026-01-26 18:06:41.894 ServerApp] Starting buffering for f1d208c6-0fed-458f-a527-26fa110b9407:e3f47fb1-9414-4312-a088-7d1b02395e42
[I 2026-01-26 18:06:43.860 ServerApp] Starting buffering for 7182a487-cbd9-4b2d-b21f-4fa1ad4803c5:d371d193-8b03-4a05-8291-77fd7f65024a
[I 2026-01-26 18:12:15.807 ServerApp] Creating new notebook in /python_code
[I 2026-01-26 18:12:16.107 ServerApp] Kernel started: abe1c89d-bb21-4560-a600-da3871743f45
[I 2026-01-26 18:12:16.316 ServerApp] Adapting from protocol version 5.3 (kernel abe1c89d-bb21-4560-a600-da3871743f45) to 5.4 (client).
[I 2026-01-26 18:12:16.316 ServerApp] Connecting to kernel abe1c89d-bb21-4560-a600-da3871743f45.
[I 2026-01-26 18:12:44.166 ServerApp] Saving file at /python_code/image_face_distance.py
[I 2026-01-26 18:14:16.125 ServerApp] Saving file at /python_code/Untitled.ipynb
[W 2026-01-26 18:17:16.318 ServerApp] WebSocket ping timeout after 119959 ms.
[I 2026-01-26 18:17:21.320 ServerApp] Starting buffering for abe1c89d-bb21-4560-a600-da3871743f45:33d18dbf-3b03-4c4f-ad0f-f7956252c39c
[I 2026-01-26 18:17:49.054 ServerApp] Adapting from protocol version 5.3 (kernel abe1c89d-bb21-4560-a600-da3871743f45) to 5.4 (client).
[I 2026-01-26 18:17:49.054 ServerApp] Connecting to kernel abe1c89d-bb21-4560-a600-da3871743f45.
[I 2026-01-26 18:17:49.054 ServerApp] Restoring connection for abe1c89d-bb21-4560-a600-da3871743f45:33d18dbf-3b03-4c4f-ad0f-f7956252c39c
[W 2026-01-26 18:21:38.850 ServerApp] 404 GET /api/contents/.venv/lib/python3.12/site-packages/face_recognition_models/__init__.py?content=0&hash=0&1769451698808 (f1ec6b7d3c544db2b8e8b0eb60b563f1@127.0.0.1) 0.86ms referer=http://localhost:11002/lab/tree/python_code/Untitled.ipynb
[I 2026-01-26 18:21:38.850 ServerApp] Refusing to serve hidden file or directory '/home/aispark/Project/Facial_rec_DL/.venv/lib/python3.12/site-packages/face_recognition_models/__init__.py', via 404 Error
[E 2026-01-26 18:21:38.850 ServerApp] Uncaught exception GET /api/contents/.venv/lib/python3.12/site-packages/face_recognition_models/__init__.py?content=0&hash=0&1769451698808 (127.0.0.1)
    HTTPServerRequest(protocol='http', host='localhost:11002', method='GET', uri='/api/contents/.venv/lib/python3.12/site-packages/face_recognition_models/__init__.py?content=0&hash=0&1769451698808', version='HTTP/1.1', remote_ip='127.0.0.1')
    Traceback (most recent call last):
      File "/home/aispark/Project/Facial_rec_DL/.venv/lib/python3.12/site-packages/jupyter_server/services/contents/handlers.py", line 156, in get
        model = await ensure_async(
                ^^^^^^^^^^^^^^^^^^^
      File "/home/aispark/Project/Facial_rec_DL/.venv/lib/python3.12/site-packages/jupyter_core/utils/__init__.py", line 214, in ensure_async
        result = await obj
                 ^^^^^^^^^
      File "/home/aispark/Project/Facial_rec_DL/.venv/lib/python3.12/site-packages/jupyter_server/services/contents/filemanager.py", line 928, in get
        model = await self._file_model(
                ^^^^^^^^^^^^^^^^^^^^^^^
      File "/home/aispark/Project/Facial_rec_DL/.venv/lib/python3.12/site-packages/jupyter_server/services/contents/filemanager.py", line 829, in _file_model
        model = self._base_model(path)
                ^^^^^^^^^^^^^^^^^^^^^^
      File "/home/aispark/Project/Facial_rec_DL/.venv/lib/python3.12/site-packages/jupyter_server/services/contents/filemanager.py", line 237, in _base_model
        raise web.HTTPError(404, four_o_four)
    tornado.web.HTTPError: HTTP 404: Not Found (file or directory does not exist: '.venv/lib/python3.12/site-packages/face_recognition_models/__init__.py')
    
    During handling of the above exception, another exception occurred:
    
    Traceback (most recent call last):
      File "/home/aispark/Project/Facial_rec_DL/.venv/lib/python3.12/site-packages/tornado/web.py", line 1859, in _execute
        result = await result
                 ^^^^^^^^^^^^
      File "/home/aispark/Project/Facial_rec_DL/.venv/lib/python3.12/site-packages/jupyter_server/auth/decorator.py", line 73, in inner
        return await out
               ^^^^^^^^^
      File "/home/aispark/Project/Facial_rec_DL/.venv/lib/python3.12/site-packages/jupyter_server/services/contents/handlers.py", line 182, in get
        await self._finish_error(
      File "/home/aispark/Project/Facial_rec_DL/.venv/lib/python3.12/site-packages/jupyter_server/services/contents/handlers.py", line 114, in _finish_error
        self.write(message)
      File "/home/aispark/Project/Facial_rec_DL/.venv/lib/python3.12/site-packages/tornado/web.py", line 974, in write
        raise RuntimeError("Cannot write() after finish()")
    RuntimeError: Cannot write() after finish()
[ WARN:0@0.652] global loadsave.cpp:278 findDecoder imread_('images/testing/trump.jpg'): can't open/read file: check file path/integrity
[W 2026-01-26 18:21:39.032 ServerApp] 404 GET /api/contents/.venv/lib/python3.12/site-packages/face_recognition_models/__init__.py?content=0&hash=0&1769451698991 (f1ec6b7d3c544db2b8e8b0eb60b563f1@127.0.0.1) 0.89ms referer=http://localhost:11002/lab/tree/python_code/Untitled.ipynb
[I 2026-01-26 18:21:39.032 ServerApp] Refusing to serve hidden file or directory '/home/aispark/Project/Facial_rec_DL/.venv/lib/python3.12/site-packages/face_recognition_models/__init__.py', via 404 Error
[E 2026-01-26 18:21:39.032 ServerApp] Uncaught exception GET /api/contents/.venv/lib/python3.12/site-packages/face_recognition_models/__init__.py?content=0&hash=0&1769451698991 (127.0.0.1)
    HTTPServerRequest(protocol='http', host='localhost:11002', method='GET', uri='/api/contents/.venv/lib/python3.12/site-packages/face_recognition_models/__init__.py?content=0&hash=0&1769451698991', version='HTTP/1.1', remote_ip='127.0.0.1')
    Traceback (most recent call last):
      File "/home/aispark/Project/Facial_rec_DL/.venv/lib/python3.12/site-packages/jupyter_server/services/contents/handlers.py", line 156, in get
        model = await ensure_async(
                ^^^^^^^^^^^^^^^^^^^
      File "/home/aispark/Project/Facial_rec_DL/.venv/lib/python3.12/site-packages/jupyter_core/utils/__init__.py", line 214, in ensure_async
        result = await obj
                 ^^^^^^^^^
      File "/home/aispark/Project/Facial_rec_DL/.venv/lib/python3.12/site-packages/jupyter_server/services/contents/filemanager.py", line 928, in get
        model = await self._file_model(
                ^^^^^^^^^^^^^^^^^^^^^^^
      File "/home/aispark/Project/Facial_rec_DL/.venv/lib/python3.12/site-packages/jupyter_server/services/contents/filemanager.py", line 829, in _file_model
        model = self._base_model(path)
                ^^^^^^^^^^^^^^^^^^^^^^
      File "/home/aispark/Project/Facial_rec_DL/.venv/lib/python3.12/site-packages/jupyter_server/services/contents/filemanager.py", line 237, in _base_model
        raise web.HTTPError(404, four_o_four)
    tornado.web.HTTPError: HTTP 404: Not Found (file or directory does not exist: '.venv/lib/python3.12/site-packages/face_recognition_models/__init__.py')
    
    During handling of the above exception, another exception occurred:
    
    Traceback (most recent call last):
      File "/home/aispark/Project/Facial_rec_DL/.venv/lib/python3.12/site-packages/tornado/web.py", line 1859, in _execute
        result = await result
                 ^^^^^^^^^^^^
      File "/home/aispark/Project/Facial_rec_DL/.venv/lib/python3.12/site-packages/jupyter_server/auth/decorator.py", line 73, in inner
        return await out
               ^^^^^^^^^
      File "/home/aispark/Project/Facial_rec_DL/.venv/lib/python3.12/site-packages/jupyter_server/services/contents/handlers.py", line 182, in get
        await self._finish_error(
      File "/home/aispark/Project/Facial_rec_DL/.venv/lib/python3.12/site-packages/jupyter_server/services/contents/handlers.py", line 114, in _finish_error
        self.write(message)
      File "/home/aispark/Project/Facial_rec_DL/.venv/lib/python3.12/site-packages/tornado/web.py", line 974, in write
        raise RuntimeError("Cannot write() after finish()")
    RuntimeError: Cannot write() after finish()
[W 2026-01-26 18:21:39.060 ServerApp] 404 GET /api/contents/.venv/lib/python3.12/site-packages/face_recognition/api.py?content=0&hash=0&1769451699013 (f1ec6b7d3c544db2b8e8b0eb60b563f1@127.0.0.1) 0.83ms referer=http://localhost:11002/lab/tree/python_code/Untitled.ipynb
[I 2026-01-26 18:21:39.060 ServerApp] Refusing to serve hidden file or directory '/home/aispark/Project/Facial_rec_DL/.venv/lib/python3.12/site-packages/face_recognition/api.py', via 404 Error
[E 2026-01-26 18:21:39.060 ServerApp] Uncaught exception GET /api/contents/.venv/lib/python3.12/site-packages/face_recognition/api.py?content=0&hash=0&1769451699013 (127.0.0.1)
    HTTPServerRequest(protocol='http', host='localhost:11002', method='GET', uri='/api/contents/.venv/lib/python3.12/site-packages/face_recognition/api.py?content=0&hash=0&1769451699013', version='HTTP/1.1', remote_ip='127.0.0.1')
    Traceback (most recent call last):
      File "/home/aispark/Project/Facial_rec_DL/.venv/lib/python3.12/site-packages/jupyter_server/services/contents/handlers.py", line 156, in get
        model = await ensure_async(
                ^^^^^^^^^^^^^^^^^^^
      File "/home/aispark/Project/Facial_rec_DL/.venv/lib/python3.12/site-packages/jupyter_core/utils/__init__.py", line 214, in ensure_async
        result = await obj
                 ^^^^^^^^^
      File "/home/aispark/Project/Facial_rec_DL/.venv/lib/python3.12/site-packages/jupyter_server/services/contents/filemanager.py", line 928, in get
        model = await self._file_model(
                ^^^^^^^^^^^^^^^^^^^^^^^
      File "/home/aispark/Project/Facial_rec_DL/.venv/lib/python3.12/site-packages/jupyter_server/services/contents/filemanager.py", line 829, in _file_model
        model = self._base_model(path)
                ^^^^^^^^^^^^^^^^^^^^^^
      File "/home/aispark/Project/Facial_rec_DL/.venv/lib/python3.12/site-packages/jupyter_server/services/contents/filemanager.py", line 237, in _base_model
        raise web.HTTPError(404, four_o_four)
    tornado.web.HTTPError: HTTP 404: Not Found (file or directory does not exist: '.venv/lib/python3.12/site-packages/face_recognition/api.py')
    
    During handling of the above exception, another exception occurred:
    
    Traceback (most recent call last):
      File "/home/aispark/Project/Facial_rec_DL/.venv/lib/python3.12/site-packages/tornado/web.py", line 1859, in _execute
        result = await result
                 ^^^^^^^^^^^^
      File "/home/aispark/Project/Facial_rec_DL/.venv/lib/python3.12/site-packages/jupyter_server/auth/decorator.py", line 73, in inner
        return await out
               ^^^^^^^^^
      File "/home/aispark/Project/Facial_rec_DL/.venv/lib/python3.12/site-packages/jupyter_server/services/contents/handlers.py", line 182, in get
        await self._finish_error(
      File "/home/aispark/Project/Facial_rec_DL/.venv/lib/python3.12/site-packages/jupyter_server/services/contents/handlers.py", line 114, in _finish_error
        self.write(message)
      File "/home/aispark/Project/Facial_rec_DL/.venv/lib/python3.12/site-packages/tornado/web.py", line 974, in write
        raise RuntimeError("Cannot write() after finish()")
    RuntimeError: Cannot write() after finish()
[W 2026-01-26 18:21:39.061 ServerApp] 404 GET /api/contents/.venv/lib/python3.12/site-packages/PIL/Image.py?content=0&hash=0&1769451699014 (f1ec6b7d3c544db2b8e8b0eb60b563f1@127.0.0.1) 0.50ms referer=http://localhost:11002/lab/tree/python_code/Untitled.ipynb
[I 2026-01-26 18:21:39.061 ServerApp] Refusing to serve hidden file or directory '/home/aispark/Project/Facial_rec_DL/.venv/lib/python3.12/site-packages/PIL/Image.py', via 404 Error
[E 2026-01-26 18:21:39.062 ServerApp] Uncaught exception GET /api/contents/.venv/lib/python3.12/site-packages/PIL/Image.py?content=0&hash=0&1769451699014 (127.0.0.1)
    HTTPServerRequest(protocol='http', host='localhost:11002', method='GET', uri='/api/contents/.venv/lib/python3.12/site-packages/PIL/Image.py?content=0&hash=0&1769451699014', version='HTTP/1.1', remote_ip='127.0.0.1')
    Traceback (most recent call last):
      File "/home/aispark/Project/Facial_rec_DL/.venv/lib/python3.12/site-packages/jupyter_server/services/contents/handlers.py", line 156, in get
        model = await ensure_async(
                ^^^^^^^^^^^^^^^^^^^
      File "/home/aispark/Project/Facial_rec_DL/.venv/lib/python3.12/site-packages/jupyter_core/utils/__init__.py", line 214, in ensure_async
        result = await obj
                 ^^^^^^^^^
      File "/home/aispark/Project/Facial_rec_DL/.venv/lib/python3.12/site-packages/jupyter_server/services/contents/filemanager.py", line 928, in get
        model = await self._file_model(
                ^^^^^^^^^^^^^^^^^^^^^^^
      File "/home/aispark/Project/Facial_rec_DL/.venv/lib/python3.12/site-packages/jupyter_server/services/contents/filemanager.py", line 829, in _file_model
        model = self._base_model(path)
                ^^^^^^^^^^^^^^^^^^^^^^
      File "/home/aispark/Project/Facial_rec_DL/.venv/lib/python3.12/site-packages/jupyter_server/services/contents/filemanager.py", line 237, in _base_model
        raise web.HTTPError(404, four_o_four)
    tornado.web.HTTPError: HTTP 404: Not Found (file or directory does not exist: '.venv/lib/python3.12/site-packages/PIL/Image.py')
    
    During handling of the above exception, another exception occurred:
    
    Traceback (most recent call last):
      File "/home/aispark/Project/Facial_rec_DL/.venv/lib/python3.12/site-packages/tornado/web.py", line 1859, in _execute
        result = await result
                 ^^^^^^^^^^^^
      File "/home/aispark/Project/Facial_rec_DL/.venv/lib/python3.12/site-packages/jupyter_server/auth/decorator.py", line 73, in inner
        return await out
               ^^^^^^^^^
      File "/home/aispark/Project/Facial_rec_DL/.venv/lib/python3.12/site-packages/jupyter_server/services/contents/handlers.py", line 182, in get
        await self._finish_error(
      File "/home/aispark/Project/Facial_rec_DL/.venv/lib/python3.12/site-packages/jupyter_server/services/contents/handlers.py", line 114, in _finish_error
        self.write(message)
      File "/home/aispark/Project/Facial_rec_DL/.venv/lib/python3.12/site-packages/tornado/web.py", line 974, in write
        raise RuntimeError("Cannot write() after finish()")
    RuntimeError: Cannot write() after finish()
[I 2026-01-26 18:22:01.130 ServerApp] Saving file at /python_code/Untitled.ipynb
[ WARN:0@47.555] global loadsave.cpp:278 findDecoder imread_('images/testing/trump.jpg'): can't open/read file: check file path/integrity
[W 2026-01-26 18:22:25.880 ServerApp] 404 GET /api/contents/.venv/lib/python3.12/site-packages/face_recognition/api.py?content=0&hash=0&1769451745836 (f1ec6b7d3c544db2b8e8b0eb60b563f1@127.0.0.1) 1.05ms referer=http://localhost:11002/lab/tree/python_code/Untitled.ipynb
[I 2026-01-26 18:22:25.881 ServerApp] Refusing to serve hidden file or directory '/home/aispark/Project/Facial_rec_DL/.venv/lib/python3.12/site-packages/face_recognition/api.py', via 404 Error
[E 2026-01-26 18:22:25.881 ServerApp] Uncaught exception GET /api/contents/.venv/lib/python3.12/site-packages/face_recognition/api.py?content=0&hash=0&1769451745836 (127.0.0.1)
    HTTPServerRequest(protocol='http', host='localhost:11002', method='GET', uri='/api/contents/.venv/lib/python3.12/site-packages/face_recognition/api.py?content=0&hash=0&1769451745836', version='HTTP/1.1', remote_ip='127.0.0.1')
    Traceback (most recent call last):
      File "/home/aispark/Project/Facial_rec_DL/.venv/lib/python3.12/site-packages/jupyter_server/services/contents/handlers.py", line 156, in get
        model = await ensure_async(
                ^^^^^^^^^^^^^^^^^^^
      File "/home/aispark/Project/Facial_rec_DL/.venv/lib/python3.12/site-packages/jupyter_core/utils/__init__.py", line 214, in ensure_async
        result = await obj
                 ^^^^^^^^^
      File "/home/aispark/Project/Facial_rec_DL/.venv/lib/python3.12/site-packages/jupyter_server/services/contents/filemanager.py", line 928, in get
        model = await self._file_model(
                ^^^^^^^^^^^^^^^^^^^^^^^
      File "/home/aispark/Project/Facial_rec_DL/.venv/lib/python3.12/site-packages/jupyter_server/services/contents/filemanager.py", line 829, in _file_model
        model = self._base_model(path)
                ^^^^^^^^^^^^^^^^^^^^^^
      File "/home/aispark/Project/Facial_rec_DL/.venv/lib/python3.12/site-packages/jupyter_server/services/contents/filemanager.py", line 237, in _base_model
        raise web.HTTPError(404, four_o_four)
    tornado.web.HTTPError: HTTP 404: Not Found (file or directory does not exist: '.venv/lib/python3.12/site-packages/face_recognition/api.py')
    
    During handling of the above exception, another exception occurred:
    
    Traceback (most recent call last):
      File "/home/aispark/Project/Facial_rec_DL/.venv/lib/python3.12/site-packages/tornado/web.py", line 1859, in _execute
        result = await result
                 ^^^^^^^^^^^^
      File "/home/aispark/Project/Facial_rec_DL/.venv/lib/python3.12/site-packages/jupyter_server/auth/decorator.py", line 73, in inner
        return await out
               ^^^^^^^^^
      File "/home/aispark/Project/Facial_rec_DL/.venv/lib/python3.12/site-packages/jupyter_server/services/contents/handlers.py", line 182, in get
        await self._finish_error(
      File "/home/aispark/Project/Facial_rec_DL/.venv/lib/python3.12/site-packages/jupyter_server/services/contents/handlers.py", line 114, in _finish_error
        self.write(message)
      File "/home/aispark/Project/Facial_rec_DL/.venv/lib/python3.12/site-packages/tornado/web.py", line 974, in write
        raise RuntimeError("Cannot write() after finish()")
    RuntimeError: Cannot write() after finish()
[W 2026-01-26 18:22:25.882 ServerApp] 404 GET /api/contents/.venv/lib/python3.12/site-packages/PIL/Image.py?content=0&hash=0&1769451745836 (f1ec6b7d3c544db2b8e8b0eb60b563f1@127.0.0.1) 2.12ms referer=http://localhost:11002/lab/tree/python_code/Untitled.ipynb
[I 2026-01-26 18:22:25.882 ServerApp] Refusing to serve hidden file or directory '/home/aispark/Project/Facial_rec_DL/.venv/lib/python3.12/site-packages/PIL/Image.py', via 404 Error
[E 2026-01-26 18:22:25.882 ServerApp] Uncaught exception GET /api/contents/.venv/lib/python3.12/site-packages/PIL/Image.py?content=0&hash=0&1769451745836 (127.0.0.1)
    HTTPServerRequest(protocol='http', host='localhost:11002', method='GET', uri='/api/contents/.venv/lib/python3.12/site-packages/PIL/Image.py?content=0&hash=0&1769451745836', version='HTTP/1.1', remote_ip='127.0.0.1')
    Traceback (most recent call last):
      File "/home/aispark/Project/Facial_rec_DL/.venv/lib/python3.12/site-packages/jupyter_server/services/contents/handlers.py", line 156, in get
        model = await ensure_async(
                ^^^^^^^^^^^^^^^^^^^
      File "/home/aispark/Project/Facial_rec_DL/.venv/lib/python3.12/site-packages/jupyter_core/utils/__init__.py", line 214, in ensure_async
        result = await obj
                 ^^^^^^^^^
      File "/home/aispark/Project/Facial_rec_DL/.venv/lib/python3.12/site-packages/jupyter_server/services/contents/filemanager.py", line 928, in get
        model = await self._file_model(
                ^^^^^^^^^^^^^^^^^^^^^^^
      File "/home/aispark/Project/Facial_rec_DL/.venv/lib/python3.12/site-packages/jupyter_server/services/contents/filemanager.py", line 829, in _file_model
        model = self._base_model(path)
                ^^^^^^^^^^^^^^^^^^^^^^
      File "/home/aispark/Project/Facial_rec_DL/.venv/lib/python3.12/site-packages/jupyter_server/services/contents/filemanager.py", line 237, in _base_model
        raise web.HTTPError(404, four_o_four)
    tornado.web.HTTPError: HTTP 404: Not Found (file or directory does not exist: '.venv/lib/python3.12/site-packages/PIL/Image.py')
    
    During handling of the above exception, another exception occurred:
    
    Traceback (most recent call last):
      File "/home/aispark/Project/Facial_rec_DL/.venv/lib/python3.12/site-packages/tornado/web.py", line 1859, in _execute
        result = await result
                 ^^^^^^^^^^^^
      File "/home/aispark/Project/Facial_rec_DL/.venv/lib/python3.12/site-packages/jupyter_server/auth/decorator.py", line 73, in inner
        return await out
               ^^^^^^^^^
      File "/home/aispark/Project/Facial_rec_DL/.venv/lib/python3.12/site-packages/jupyter_server/services/contents/handlers.py", line 182, in get
        await self._finish_error(
      File "/home/aispark/Project/Facial_rec_DL/.venv/lib/python3.12/site-packages/jupyter_server/services/contents/handlers.py", line 114, in _finish_error
        self.write(message)
      File "/home/aispark/Project/Facial_rec_DL/.venv/lib/python3.12/site-packages/tornado/web.py", line 974, in write
        raise RuntimeError("Cannot write() after finish()")
    RuntimeError: Cannot write() after finish()
[I 2026-01-26 18:22:40.637 ServerApp] Kernel restarted: abe1c89d-bb21-4560-a600-da3871743f45
[I 2026-01-26 18:22:40.665 ServerApp] Starting buffering for abe1c89d-bb21-4560-a600-da3871743f45:33d18dbf-3b03-4c4f-ad0f-f7956252c39c
[I 2026-01-26 18:22:40.697 ServerApp] Adapting from protocol version 5.3 (kernel abe1c89d-bb21-4560-a600-da3871743f45) to 5.4 (client).
[I 2026-01-26 18:22:40.697 ServerApp] Connecting to kernel abe1c89d-bb21-4560-a600-da3871743f45.
[I 2026-01-26 18:22:40.697 ServerApp] Restoring connection for abe1c89d-bb21-4560-a600-da3871743f45:33d18dbf-3b03-4c4f-ad0f-f7956252c39c
[W 2026-01-26 18:22:44.128 ServerApp] 404 GET /api/contents/.venv/lib/python3.12/site-packages/face_recognition_models/__init__.py?content=0&hash=0&1769451764087 (f1ec6b7d3c544db2b8e8b0eb60b563f1@127.0.0.1) 0.49ms referer=http://localhost:11002/lab/tree/python_code/Untitled.ipynb
[I 2026-01-26 18:22:44.128 ServerApp] Refusing to serve hidden file or directory '/home/aispark/Project/Facial_rec_DL/.venv/lib/python3.12/site-packages/face_recognition_models/__init__.py', via 404 Error
[E 2026-01-26 18:22:44.128 ServerApp] Uncaught exception GET /api/contents/.venv/lib/python3.12/site-packages/face_recognition_models/__init__.py?content=0&hash=0&1769451764087 (127.0.0.1)
    HTTPServerRequest(protocol='http', host='localhost:11002', method='GET', uri='/api/contents/.venv/lib/python3.12/site-packages/face_recognition_models/__init__.py?content=0&hash=0&1769451764087', version='HTTP/1.1', remote_ip='127.0.0.1')
    Traceback (most recent call last):
      File "/home/aispark/Project/Facial_rec_DL/.venv/lib/python3.12/site-packages/jupyter_server/services/contents/handlers.py", line 156, in get
        model = await ensure_async(
                ^^^^^^^^^^^^^^^^^^^
      File "/home/aispark/Project/Facial_rec_DL/.venv/lib/python3.12/site-packages/jupyter_core/utils/__init__.py", line 214, in ensure_async
        result = await obj
                 ^^^^^^^^^
      File "/home/aispark/Project/Facial_rec_DL/.venv/lib/python3.12/site-packages/jupyter_server/services/contents/filemanager.py", line 928, in get
        model = await self._file_model(
                ^^^^^^^^^^^^^^^^^^^^^^^
      File "/home/aispark/Project/Facial_rec_DL/.venv/lib/python3.12/site-packages/jupyter_server/services/contents/filemanager.py", line 829, in _file_model
        model = self._base_model(path)
                ^^^^^^^^^^^^^^^^^^^^^^
      File "/home/aispark/Project/Facial_rec_DL/.venv/lib/python3.12/site-packages/jupyter_server/services/contents/filemanager.py", line 237, in _base_model
        raise web.HTTPError(404, four_o_four)
    tornado.web.HTTPError: HTTP 404: Not Found (file or directory does not exist: '.venv/lib/python3.12/site-packages/face_recognition_models/__init__.py')
    
    During handling of the above exception, another exception occurred:
    
    Traceback (most recent call last):
      File "/home/aispark/Project/Facial_rec_DL/.venv/lib/python3.12/site-packages/tornado/web.py", line 1859, in _execute
        result = await result
                 ^^^^^^^^^^^^
      File "/home/aispark/Project/Facial_rec_DL/.venv/lib/python3.12/site-packages/jupyter_server/auth/decorator.py", line 73, in inner
        return await out
               ^^^^^^^^^
      File "/home/aispark/Project/Facial_rec_DL/.venv/lib/python3.12/site-packages/jupyter_server/services/contents/handlers.py", line 182, in get
        await self._finish_error(
      File "/home/aispark/Project/Facial_rec_DL/.venv/lib/python3.12/site-packages/jupyter_server/services/contents/handlers.py", line 114, in _finish_error
        self.write(message)
      File "/home/aispark/Project/Facial_rec_DL/.venv/lib/python3.12/site-packages/tornado/web.py", line 974, in write
        raise RuntimeError("Cannot write() after finish()")
    RuntimeError: Cannot write() after finish()
[ WARN:0@0.641] global loadsave.cpp:278 findDecoder imread_('images/testing/trump.jpg'): can't open/read file: check file path/integrity
[W 2026-01-26 18:22:44.630 ServerApp] 404 GET /api/contents/.venv/lib/python3.12/site-packages/face_recognition_models/__init__.py?content=0&hash=0&1769451764587 (f1ec6b7d3c544db2b8e8b0eb60b563f1@127.0.0.1) 0.57ms referer=http://localhost:11002/lab/tree/python_code/Untitled.ipynb
[I 2026-01-26 18:22:44.631 ServerApp] Refusing to serve hidden file or directory '/home/aispark/Project/Facial_rec_DL/.venv/lib/python3.12/site-packages/face_recognition_models/__init__.py', via 404 Error
[E 2026-01-26 18:22:44.631 ServerApp] Uncaught exception GET /api/contents/.venv/lib/python3.12/site-packages/face_recognition_models/__init__.py?content=0&hash=0&1769451764587 (127.0.0.1)
    HTTPServerRequest(protocol='http', host='localhost:11002', method='GET', uri='/api/contents/.venv/lib/python3.12/site-packages/face_recognition_models/__init__.py?content=0&hash=0&1769451764587', version='HTTP/1.1', remote_ip='127.0.0.1')
    Traceback (most recent call last):
      File "/home/aispark/Project/Facial_rec_DL/.venv/lib/python3.12/site-packages/jupyter_server/services/contents/handlers.py", line 156, in get
        model = await ensure_async(
                ^^^^^^^^^^^^^^^^^^^
      File "/home/aispark/Project/Facial_rec_DL/.venv/lib/python3.12/site-packages/jupyter_core/utils/__init__.py", line 214, in ensure_async
        result = await obj
                 ^^^^^^^^^
      File "/home/aispark/Project/Facial_rec_DL/.venv/lib/python3.12/site-packages/jupyter_server/services/contents/filemanager.py", line 928, in get
        model = await self._file_model(
                ^^^^^^^^^^^^^^^^^^^^^^^
      File "/home/aispark/Project/Facial_rec_DL/.venv/lib/python3.12/site-packages/jupyter_server/services/contents/filemanager.py", line 829, in _file_model
        model = self._base_model(path)
                ^^^^^^^^^^^^^^^^^^^^^^
      File "/home/aispark/Project/Facial_rec_DL/.venv/lib/python3.12/site-packages/jupyter_server/services/contents/filemanager.py", line 237, in _base_model
        raise web.HTTPError(404, four_o_four)
    tornado.web.HTTPError: HTTP 404: Not Found (file or directory does not exist: '.venv/lib/python3.12/site-packages/face_recognition_models/__init__.py')
    
    During handling of the above exception, another exception occurred:
    
    Traceback (most recent call last):
      File "/home/aispark/Project/Facial_rec_DL/.venv/lib/python3.12/site-packages/tornado/web.py", line 1859, in _execute
        result = await result
                 ^^^^^^^^^^^^
      File "/home/aispark/Project/Facial_rec_DL/.venv/lib/python3.12/site-packages/jupyter_server/auth/decorator.py", line 73, in inner
        return await out
               ^^^^^^^^^
      File "/home/aispark/Project/Facial_rec_DL/.venv/lib/python3.12/site-packages/jupyter_server/services/contents/handlers.py", line 182, in get
        await self._finish_error(
      File "/home/aispark/Project/Facial_rec_DL/.venv/lib/python3.12/site-packages/jupyter_server/services/contents/handlers.py", line 114, in _finish_error
        self.write(message)
      File "/home/aispark/Project/Facial_rec_DL/.venv/lib/python3.12/site-packages/tornado/web.py", line 974, in write
        raise RuntimeError("Cannot write() after finish()")
    RuntimeError: Cannot write() after finish()
[W 2026-01-26 18:22:44.648 ServerApp] 404 GET /api/contents/.venv/lib/python3.12/site-packages/PIL/Image.py?content=0&hash=0&1769451764602 (f1ec6b7d3c544db2b8e8b0eb60b563f1@127.0.0.1) 0.70ms referer=http://localhost:11002/lab/tree/python_code/Untitled.ipynb
[I 2026-01-26 18:22:44.648 ServerApp] Refusing to serve hidden file or directory '/home/aispark/Project/Facial_rec_DL/.venv/lib/python3.12/site-packages/PIL/Image.py', via 404 Error
[E 2026-01-26 18:22:44.648 ServerApp] Uncaught exception GET /api/contents/.venv/lib/python3.12/site-packages/PIL/Image.py?content=0&hash=0&1769451764602 (127.0.0.1)
    HTTPServerRequest(protocol='http', host='localhost:11002', method='GET', uri='/api/contents/.venv/lib/python3.12/site-packages/PIL/Image.py?content=0&hash=0&1769451764602', version='HTTP/1.1', remote_ip='127.0.0.1')
    Traceback (most recent call last):
      File "/home/aispark/Project/Facial_rec_DL/.venv/lib/python3.12/site-packages/jupyter_server/services/contents/handlers.py", line 156, in get
        model = await ensure_async(
                ^^^^^^^^^^^^^^^^^^^
      File "/home/aispark/Project/Facial_rec_DL/.venv/lib/python3.12/site-packages/jupyter_core/utils/__init__.py", line 214, in ensure_async
        result = await obj
                 ^^^^^^^^^
      File "/home/aispark/Project/Facial_rec_DL/.venv/lib/python3.12/site-packages/jupyter_server/services/contents/filemanager.py", line 928, in get
        model = await self._file_model(
                ^^^^^^^^^^^^^^^^^^^^^^^
      File "/home/aispark/Project/Facial_rec_DL/.venv/lib/python3.12/site-packages/jupyter_server/services/contents/filemanager.py", line 829, in _file_model
        model = self._base_model(path)
                ^^^^^^^^^^^^^^^^^^^^^^
      File "/home/aispark/Project/Facial_rec_DL/.venv/lib/python3.12/site-packages/jupyter_server/services/contents/filemanager.py", line 237, in _base_model
        raise web.HTTPError(404, four_o_four)
    tornado.web.HTTPError: HTTP 404: Not Found (file or directory does not exist: '.venv/lib/python3.12/site-packages/PIL/Image.py')
    
    During handling of the above exception, another exception occurred:
    
    Traceback (most recent call last):
      File "/home/aispark/Project/Facial_rec_DL/.venv/lib/python3.12/site-packages/tornado/web.py", line 1859, in _execute
        result = await result
                 ^^^^^^^^^^^^
      File "/home/aispark/Project/Facial_rec_DL/.venv/lib/python3.12/site-packages/jupyter_server/auth/decorator.py", line 73, in inner
        return await out
               ^^^^^^^^^
      File "/home/aispark/Project/Facial_rec_DL/.venv/lib/python3.12/site-packages/jupyter_server/services/contents/handlers.py", line 182, in get
        await self._finish_error(
      File "/home/aispark/Project/Facial_rec_DL/.venv/lib/python3.12/site-packages/jupyter_server/services/contents/handlers.py", line 114, in _finish_error
        self.write(message)
      File "/home/aispark/Project/Facial_rec_DL/.venv/lib/python3.12/site-packages/tornado/web.py", line 974, in write
        raise RuntimeError("Cannot write() after finish()")
    RuntimeError: Cannot write() after finish()
[W 2026-01-26 18:22:44.649 ServerApp] 404 GET /api/contents/.venv/lib/python3.12/site-packages/face_recognition/api.py?content=0&hash=0&1769451764602 (f1ec6b7d3c544db2b8e8b0eb60b563f1@127.0.0.1) 1.20ms referer=http://localhost:11002/lab/tree/python_code/Untitled.ipynb
[I 2026-01-26 18:22:44.649 ServerApp] Refusing to serve hidden file or directory '/home/aispark/Project/Facial_rec_DL/.venv/lib/python3.12/site-packages/face_recognition/api.py', via 404 Error
[E 2026-01-26 18:22:44.649 ServerApp] Uncaught exception GET /api/contents/.venv/lib/python3.12/site-packages/face_recognition/api.py?content=0&hash=0&1769451764602 (127.0.0.1)
    HTTPServerRequest(protocol='http', host='localhost:11002', method='GET', uri='/api/contents/.venv/lib/python3.12/site-packages/face_recognition/api.py?content=0&hash=0&1769451764602', version='HTTP/1.1', remote_ip='127.0.0.1')
    Traceback (most recent call last):
      File "/home/aispark/Project/Facial_rec_DL/.venv/lib/python3.12/site-packages/jupyter_server/services/contents/handlers.py", line 156, in get
        model = await ensure_async(
                ^^^^^^^^^^^^^^^^^^^
      File "/home/aispark/Project/Facial_rec_DL/.venv/lib/python3.12/site-packages/jupyter_core/utils/__init__.py", line 214, in ensure_async
        result = await obj
                 ^^^^^^^^^
      File "/home/aispark/Project/Facial_rec_DL/.venv/lib/python3.12/site-packages/jupyter_server/services/contents/filemanager.py", line 928, in get
        model = await self._file_model(
                ^^^^^^^^^^^^^^^^^^^^^^^
      File "/home/aispark/Project/Facial_rec_DL/.venv/lib/python3.12/site-packages/jupyter_server/services/contents/filemanager.py", line 829, in _file_model
        model = self._base_model(path)
                ^^^^^^^^^^^^^^^^^^^^^^
      File "/home/aispark/Project/Facial_rec_DL/.venv/lib/python3.12/site-packages/jupyter_server/services/contents/filemanager.py", line 237, in _base_model
        raise web.HTTPError(404, four_o_four)
    tornado.web.HTTPError: HTTP 404: Not Found (file or directory does not exist: '.venv/lib/python3.12/site-packages/face_recognition/api.py')
    
    During handling of the above exception, another exception occurred:
    
    Traceback (most recent call last):
      File "/home/aispark/Project/Facial_rec_DL/.venv/lib/python3.12/site-packages/tornado/web.py", line 1859, in _execute
        result = await result
                 ^^^^^^^^^^^^
      File "/home/aispark/Project/Facial_rec_DL/.venv/lib/python3.12/site-packages/jupyter_server/auth/decorator.py", line 73, in inner
        return await out
               ^^^^^^^^^
      File "/home/aispark/Project/Facial_rec_DL/.venv/lib/python3.12/site-packages/jupyter_server/services/contents/handlers.py", line 182, in get
        await self._finish_error(
      File "/home/aispark/Project/Facial_rec_DL/.venv/lib/python3.12/site-packages/jupyter_server/services/contents/handlers.py", line 114, in _finish_error
        self.write(message)
      File "/home/aispark/Project/Facial_rec_DL/.venv/lib/python3.12/site-packages/tornado/web.py", line 974, in write
        raise RuntimeError("Cannot write() after finish()")
    RuntimeError: Cannot write() after finish()
[I 2026-01-26 18:24:01.552 ServerApp] Saving file at /python_code/Untitled.ipynb
[I 2026-01-26 18:24:05.288 ServerApp] Saving file at /python_code/Untitled.ipynb
[I 2026-01-26 18:24:29.673 ServerApp] Starting buffering for abe1c89d-bb21-4560-a600-da3871743f45:33d18dbf-3b03-4c4f-ad0f-f7956252c39c
[W 2026-01-26 18:24:34.903 ServerApp] Notebook image_face_detection.ipynb is not trusted
[I 2026-01-26 18:24:35.254 ServerApp] Adapting from protocol version 5.3 (kernel 7182a487-cbd9-4b2d-b21f-4fa1ad4803c5) to 5.4 (client).
[I 2026-01-26 18:24:35.254 ServerApp] Connecting to kernel 7182a487-cbd9-4b2d-b21f-4fa1ad4803c5.
[W 2026-01-26 18:24:38.313 ServerApp] 404 GET /api/contents/.venv/lib/python3.12/site-packages/face_recognition_models/__init__.py?content=0&hash=0&1769451878263 (f1ec6b7d3c544db2b8e8b0eb60b563f1@127.0.0.1) 0.71ms referer=http://localhost:11002/lab/tree/image_face_detection.ipynb
[I 2026-01-26 18:24:38.313 ServerApp] Refusing to serve hidden file or directory '/home/aispark/Project/Facial_rec_DL/.venv/lib/python3.12/site-packages/face_recognition_models/__init__.py', via 404 Error
[E 2026-01-26 18:24:38.313 ServerApp] Uncaught exception GET /api/contents/.venv/lib/python3.12/site-packages/face_recognition_models/__init__.py?content=0&hash=0&1769451878263 (127.0.0.1)
    HTTPServerRequest(protocol='http', host='localhost:11002', method='GET', uri='/api/contents/.venv/lib/python3.12/site-packages/face_recognition_models/__init__.py?content=0&hash=0&1769451878263', version='HTTP/1.1', remote_ip='127.0.0.1')
    Traceback (most recent call last):
      File "/home/aispark/Project/Facial_rec_DL/.venv/lib/python3.12/site-packages/jupyter_server/services/contents/handlers.py", line 156, in get
        model = await ensure_async(
                ^^^^^^^^^^^^^^^^^^^
      File "/home/aispark/Project/Facial_rec_DL/.venv/lib/python3.12/site-packages/jupyter_core/utils/__init__.py", line 214, in ensure_async
        result = await obj
                 ^^^^^^^^^
      File "/home/aispark/Project/Facial_rec_DL/.venv/lib/python3.12/site-packages/jupyter_server/services/contents/filemanager.py", line 928, in get
        model = await self._file_model(
                ^^^^^^^^^^^^^^^^^^^^^^^
      File "/home/aispark/Project/Facial_rec_DL/.venv/lib/python3.12/site-packages/jupyter_server/services/contents/filemanager.py", line 829, in _file_model
        model = self._base_model(path)
                ^^^^^^^^^^^^^^^^^^^^^^
      File "/home/aispark/Project/Facial_rec_DL/.venv/lib/python3.12/site-packages/jupyter_server/services/contents/filemanager.py", line 237, in _base_model
        raise web.HTTPError(404, four_o_four)
    tornado.web.HTTPError: HTTP 404: Not Found (file or directory does not exist: '.venv/lib/python3.12/site-packages/face_recognition_models/__init__.py')
    
    During handling of the above exception, another exception occurred:
    
    Traceback (most recent call last):
      File "/home/aispark/Project/Facial_rec_DL/.venv/lib/python3.12/site-packages/tornado/web.py", line 1859, in _execute
        result = await result
                 ^^^^^^^^^^^^
      File "/home/aispark/Project/Facial_rec_DL/.venv/lib/python3.12/site-packages/jupyter_server/auth/decorator.py", line 73, in inner
        return await out
               ^^^^^^^^^
      File "/home/aispark/Project/Facial_rec_DL/.venv/lib/python3.12/site-packages/jupyter_server/services/contents/handlers.py", line 182, in get
        await self._finish_error(
      File "/home/aispark/Project/Facial_rec_DL/.venv/lib/python3.12/site-packages/jupyter_server/services/contents/handlers.py", line 114, in _finish_error
        self.write(message)
      File "/home/aispark/Project/Facial_rec_DL/.venv/lib/python3.12/site-packages/tornado/web.py", line 974, in write
        raise RuntimeError("Cannot write() after finish()")
    RuntimeError: Cannot write() after finish()
[I 2026-01-26 18:24:43.423 ServerApp] Saving file at /image_face_detection.ipynb
[I 2026-01-26 18:24:43.525 ServerApp] Starting buffering for 7182a487-cbd9-4b2d-b21f-4fa1ad4803c5:36547838-0085-4446-b290-26f9a8c5e0ea
[I 2026-01-26 18:25:00.821 ServerApp] New terminal with automatic name: 1
[W 2026-01-26 18:25:30.879 ServerApp] 404 GET /api/contents/.venv/lib/python3.12/site-packages/face_recognition_models/__init__.py?content=0&hash=0&1769451930835 (f1ec6b7d3c544db2b8e8b0eb60b563f1@127.0.0.1) 0.58ms referer=http://localhost:11002/lab/tree/image_face_distance.ipynb
[I 2026-01-26 18:25:30.879 ServerApp] Refusing to serve hidden file or directory '/home/aispark/Project/Facial_rec_DL/.venv/lib/python3.12/site-packages/face_recognition_models/__init__.py', via 404 Error
[E 2026-01-26 18:25:30.879 ServerApp] Uncaught exception GET /api/contents/.venv/lib/python3.12/site-packages/face_recognition_models/__init__.py?content=0&hash=0&1769451930835 (127.0.0.1)
    HTTPServerRequest(protocol='http', host='localhost:11002', method='GET', uri='/api/contents/.venv/lib/python3.12/site-packages/face_recognition_models/__init__.py?content=0&hash=0&1769451930835', version='HTTP/1.1', remote_ip='127.0.0.1')
    Traceback (most recent call last):
      File "/home/aispark/Project/Facial_rec_DL/.venv/lib/python3.12/site-packages/jupyter_server/services/contents/handlers.py", line 156, in get
        model = await ensure_async(
                ^^^^^^^^^^^^^^^^^^^
      File "/home/aispark/Project/Facial_rec_DL/.venv/lib/python3.12/site-packages/jupyter_core/utils/__init__.py", line 214, in ensure_async
        result = await obj
                 ^^^^^^^^^
      File "/home/aispark/Project/Facial_rec_DL/.venv/lib/python3.12/site-packages/jupyter_server/services/contents/filemanager.py", line 928, in get
        model = await self._file_model(
                ^^^^^^^^^^^^^^^^^^^^^^^
      File "/home/aispark/Project/Facial_rec_DL/.venv/lib/python3.12/site-packages/jupyter_server/services/contents/filemanager.py", line 829, in _file_model
        model = self._base_model(path)
                ^^^^^^^^^^^^^^^^^^^^^^
      File "/home/aispark/Project/Facial_rec_DL/.venv/lib/python3.12/site-packages/jupyter_server/services/contents/filemanager.py", line 237, in _base_model
        raise web.HTTPError(404, four_o_four)
    tornado.web.HTTPError: HTTP 404: Not Found (file or directory does not exist: '.venv/lib/python3.12/site-packages/face_recognition_models/__init__.py')
    
    During handling of the above exception, another exception occurred:
    
    Traceback (most recent call last):
      File "/home/aispark/Project/Facial_rec_DL/.venv/lib/python3.12/site-packages/tornado/web.py", line 1859, in _execute
        result = await result
                 ^^^^^^^^^^^^
      File "/home/aispark/Project/Facial_rec_DL/.venv/lib/python3.12/site-packages/jupyter_server/auth/decorator.py", line 73, in inner
        return await out
               ^^^^^^^^^
      File "/home/aispark/Project/Facial_rec_DL/.venv/lib/python3.12/site-packages/jupyter_server/services/contents/handlers.py", line 182, in get
        await self._finish_error(
      File "/home/aispark/Project/Facial_rec_DL/.venv/lib/python3.12/site-packages/jupyter_server/services/contents/handlers.py", line 114, in _finish_error
        self.write(message)
      File "/home/aispark/Project/Facial_rec_DL/.venv/lib/python3.12/site-packages/tornado/web.py", line 974, in write
        raise RuntimeError("Cannot write() after finish()")
    RuntimeError: Cannot write() after finish()
[W 2026-01-26 18:25:30.885 ServerApp] 404 GET /api/contents/.venv/lib/python3.12/site-packages/face_recognition/api.py?content=0&hash=0&1769451930841 (f1ec6b7d3c544db2b8e8b0eb60b563f1@127.0.0.1) 0.42ms referer=http://localhost:11002/lab/tree/image_face_distance.ipynb
[I 2026-01-26 18:25:30.885 ServerApp] Refusing to serve hidden file or directory '/home/aispark/Project/Facial_rec_DL/.venv/lib/python3.12/site-packages/face_recognition/api.py', via 404 Error
[E 2026-01-26 18:25:30.885 ServerApp] Uncaught exception GET /api/contents/.venv/lib/python3.12/site-packages/face_recognition/api.py?content=0&hash=0&1769451930841 (127.0.0.1)
    HTTPServerRequest(protocol='http', host='localhost:11002', method='GET', uri='/api/contents/.venv/lib/python3.12/site-packages/face_recognition/api.py?content=0&hash=0&1769451930841', version='HTTP/1.1', remote_ip='127.0.0.1')
    Traceback (most recent call last):
      File "/home/aispark/Project/Facial_rec_DL/.venv/lib/python3.12/site-packages/jupyter_server/services/contents/handlers.py", line 156, in get
        model = await ensure_async(
                ^^^^^^^^^^^^^^^^^^^
      File "/home/aispark/Project/Facial_rec_DL/.venv/lib/python3.12/site-packages/jupyter_core/utils/__init__.py", line 214, in ensure_async
        result = await obj
                 ^^^^^^^^^
      File "/home/aispark/Project/Facial_rec_DL/.venv/lib/python3.12/site-packages/jupyter_server/services/contents/filemanager.py", line 928, in get
        model = await self._file_model(
                ^^^^^^^^^^^^^^^^^^^^^^^
      File "/home/aispark/Project/Facial_rec_DL/.venv/lib/python3.12/site-packages/jupyter_server/services/contents/filemanager.py", line 829, in _file_model
        model = self._base_model(path)
                ^^^^^^^^^^^^^^^^^^^^^^
      File "/home/aispark/Project/Facial_rec_DL/.venv/lib/python3.12/site-packages/jupyter_server/services/contents/filemanager.py", line 237, in _base_model
        raise web.HTTPError(404, four_o_four)
    tornado.web.HTTPError: HTTP 404: Not Found (file or directory does not exist: '.venv/lib/python3.12/site-packages/face_recognition/api.py')
    
    During handling of the above exception, another exception occurred:
    
    Traceback (most recent call last):
      File "/home/aispark/Project/Facial_rec_DL/.venv/lib/python3.12/site-packages/tornado/web.py", line 1859, in _execute
        result = await result
                 ^^^^^^^^^^^^
      File "/home/aispark/Project/Facial_rec_DL/.venv/lib/python3.12/site-packages/jupyter_server/auth/decorator.py", line 73, in inner
        return await out
               ^^^^^^^^^
      File "/home/aispark/Project/Facial_rec_DL/.venv/lib/python3.12/site-packages/jupyter_server/services/contents/handlers.py", line 182, in get
        await self._finish_error(
      File "/home/aispark/Project/Facial_rec_DL/.venv/lib/python3.12/site-packages/jupyter_server/services/contents/handlers.py", line 114, in _finish_error
        self.write(message)
      File "/home/aispark/Project/Facial_rec_DL/.venv/lib/python3.12/site-packages/tornado/web.py", line 974, in write
        raise RuntimeError("Cannot write() after finish()")
    RuntimeError: Cannot write() after finish()
[W 2026-01-26 18:25:30.887 ServerApp] 404 GET /api/contents/.venv/lib/python3.12/site-packages/PIL/Image.py?content=0&hash=0&1769451930841 (f1ec6b7d3c544db2b8e8b0eb60b563f1@127.0.0.1) 0.39ms referer=http://localhost:11002/lab/tree/image_face_distance.ipynb
[I 2026-01-26 18:25:30.887 ServerApp] Refusing to serve hidden file or directory '/home/aispark/Project/Facial_rec_DL/.venv/lib/python3.12/site-packages/PIL/Image.py', via 404 Error
[E 2026-01-26 18:25:30.887 ServerApp] Uncaught exception GET /api/contents/.venv/lib/python3.12/site-packages/PIL/Image.py?content=0&hash=0&1769451930841 (127.0.0.1)
    HTTPServerRequest(protocol='http', host='localhost:11002', method='GET', uri='/api/contents/.venv/lib/python3.12/site-packages/PIL/Image.py?content=0&hash=0&1769451930841', version='HTTP/1.1', remote_ip='127.0.0.1')
    Traceback (most recent call last):
      File "/home/aispark/Project/Facial_rec_DL/.venv/lib/python3.12/site-packages/jupyter_server/services/contents/handlers.py", line 156, in get
        model = await ensure_async(
                ^^^^^^^^^^^^^^^^^^^
      File "/home/aispark/Project/Facial_rec_DL/.venv/lib/python3.12/site-packages/jupyter_core/utils/__init__.py", line 214, in ensure_async
        result = await obj
                 ^^^^^^^^^
      File "/home/aispark/Project/Facial_rec_DL/.venv/lib/python3.12/site-packages/jupyter_server/services/contents/filemanager.py", line 928, in get
        model = await self._file_model(
                ^^^^^^^^^^^^^^^^^^^^^^^
      File "/home/aispark/Project/Facial_rec_DL/.venv/lib/python3.12/site-packages/jupyter_server/services/contents/filemanager.py", line 829, in _file_model
        model = self._base_model(path)
                ^^^^^^^^^^^^^^^^^^^^^^
      File "/home/aispark/Project/Facial_rec_DL/.venv/lib/python3.12/site-packages/jupyter_server/services/contents/filemanager.py", line 237, in _base_model
        raise web.HTTPError(404, four_o_four)
    tornado.web.HTTPError: HTTP 404: Not Found (file or directory does not exist: '.venv/lib/python3.12/site-packages/PIL/Image.py')
    
    During handling of the above exception, another exception occurred:
    
    Traceback (most recent call last):
      File "/home/aispark/Project/Facial_rec_DL/.venv/lib/python3.12/site-packages/tornado/web.py", line 1859, in _execute
        result = await result
                 ^^^^^^^^^^^^
      File "/home/aispark/Project/Facial_rec_DL/.venv/lib/python3.12/site-packages/jupyter_server/auth/decorator.py", line 73, in inner
        return await out
               ^^^^^^^^^
      File "/home/aispark/Project/Facial_rec_DL/.venv/lib/python3.12/site-packages/jupyter_server/services/contents/handlers.py", line 182, in get
        await self._finish_error(
      File "/home/aispark/Project/Facial_rec_DL/.venv/lib/python3.12/site-packages/jupyter_server/services/contents/handlers.py", line 114, in _finish_error
        self.write(message)
      File "/home/aispark/Project/Facial_rec_DL/.venv/lib/python3.12/site-packages/tornado/web.py", line 974, in write
        raise RuntimeError("Cannot write() after finish()")
    RuntimeError: Cannot write() after finish()
[I 2026-01-26 18:25:31.063 ServerApp] Kernel started: 6e8ea8f5-6de2-4f42-bdf6-e38f06fd5a32
[I 2026-01-26 18:25:31.273 ServerApp] Adapting from protocol version 5.3 (kernel 6e8ea8f5-6de2-4f42-bdf6-e38f06fd5a32) to 5.4 (client).
[I 2026-01-26 18:25:31.273 ServerApp] Connecting to kernel 6e8ea8f5-6de2-4f42-bdf6-e38f06fd5a32.
[W 2026-01-26 18:25:34.277 ServerApp] 404 GET /api/contents/.venv/lib/python3.12/site-packages/face_recognition_models/__init__.py?content=0&hash=0&1769451934232 (f1ec6b7d3c544db2b8e8b0eb60b563f1@127.0.0.1) 0.59ms referer=http://localhost:11002/lab/tree/image_face_distance.ipynb
[I 2026-01-26 18:25:34.278 ServerApp] Refusing to serve hidden file or directory '/home/aispark/Project/Facial_rec_DL/.venv/lib/python3.12/site-packages/face_recognition_models/__init__.py', via 404 Error
[E 2026-01-26 18:25:34.278 ServerApp] Uncaught exception GET /api/contents/.venv/lib/python3.12/site-packages/face_recognition_models/__init__.py?content=0&hash=0&1769451934232 (127.0.0.1)
    HTTPServerRequest(protocol='http', host='localhost:11002', method='GET', uri='/api/contents/.venv/lib/python3.12/site-packages/face_recognition_models/__init__.py?content=0&hash=0&1769451934232', version='HTTP/1.1', remote_ip='127.0.0.1')
    Traceback (most recent call last):
      File "/home/aispark/Project/Facial_rec_DL/.venv/lib/python3.12/site-packages/jupyter_server/services/contents/handlers.py", line 156, in get
        model = await ensure_async(
                ^^^^^^^^^^^^^^^^^^^
      File "/home/aispark/Project/Facial_rec_DL/.venv/lib/python3.12/site-packages/jupyter_core/utils/__init__.py", line 214, in ensure_async
        result = await obj
                 ^^^^^^^^^
      File "/home/aispark/Project/Facial_rec_DL/.venv/lib/python3.12/site-packages/jupyter_server/services/contents/filemanager.py", line 928, in get
        model = await self._file_model(
                ^^^^^^^^^^^^^^^^^^^^^^^
      File "/home/aispark/Project/Facial_rec_DL/.venv/lib/python3.12/site-packages/jupyter_server/services/contents/filemanager.py", line 829, in _file_model
        model = self._base_model(path)
                ^^^^^^^^^^^^^^^^^^^^^^
      File "/home/aispark/Project/Facial_rec_DL/.venv/lib/python3.12/site-packages/jupyter_server/services/contents/filemanager.py", line 237, in _base_model
        raise web.HTTPError(404, four_o_four)
    tornado.web.HTTPError: HTTP 404: Not Found (file or directory does not exist: '.venv/lib/python3.12/site-packages/face_recognition_models/__init__.py')
    
    During handling of the above exception, another exception occurred:
    
    Traceback (most recent call last):
      File "/home/aispark/Project/Facial_rec_DL/.venv/lib/python3.12/site-packages/tornado/web.py", line 1859, in _execute
        result = await result
                 ^^^^^^^^^^^^
      File "/home/aispark/Project/Facial_rec_DL/.venv/lib/python3.12/site-packages/jupyter_server/auth/decorator.py", line 73, in inner
        return await out
               ^^^^^^^^^
      File "/home/aispark/Project/Facial_rec_DL/.venv/lib/python3.12/site-packages/jupyter_server/services/contents/handlers.py", line 182, in get
        await self._finish_error(
      File "/home/aispark/Project/Facial_rec_DL/.venv/lib/python3.12/site-packages/jupyter_server/services/contents/handlers.py", line 114, in _finish_error
        self.write(message)
      File "/home/aispark/Project/Facial_rec_DL/.venv/lib/python3.12/site-packages/tornado/web.py", line 974, in write
        raise RuntimeError("Cannot write() after finish()")
    RuntimeError: Cannot write() after finish()
[I 2026-01-26 18:26:04.023 ServerApp] Saving file at /image_face_distance.ipynb
[I 2026-01-26 18:45:28.994 ServerApp] Starting buffering for 6e8ea8f5-6de2-4f42-bdf6-e38f06fd5a32:cc718c8c-af9a-4c92-a9fe-cc1e7fb2b940
[I 2026-01-26 18:45:35.056 ServerApp] Creating new notebook in 
[I 2026-01-26 18:45:35.407 ServerApp] Kernel started: 1a3d97da-ba47-4816-beb5-840941a5af6e
[I 2026-01-26 18:45:35.600 ServerApp] Adapting from protocol version 5.3 (kernel 1a3d97da-ba47-4816-beb5-840941a5af6e) to 5.4 (client).
[I 2026-01-26 18:45:35.601 ServerApp] Connecting to kernel 1a3d97da-ba47-4816-beb5-840941a5af6e.
[I 2026-01-26 18:45:54.416 ServerApp] Saving file at /python_code/face_landmarks.py
[I 2026-01-26 18:45:59.828 ServerApp] Saving file at /face_landmarks.ipynb
[W 2026-01-26 18:46:03.133 ServerApp] 404 GET /api/contents/.venv/lib/python3.12/site-packages/face_recognition_models/__init__.py?content=0&hash=0&1769453163078 (f1ec6b7d3c544db2b8e8b0eb60b563f1@127.0.0.1) 0.86ms referer=http://localhost:11002/lab/tree/face_landmarks.ipynb
[I 2026-01-26 18:46:03.133 ServerApp] Refusing to serve hidden file or directory '/home/aispark/Project/Facial_rec_DL/.venv/lib/python3.12/site-packages/face_recognition_models/__init__.py', via 404 Error
[E 2026-01-26 18:46:03.133 ServerApp] Uncaught exception GET /api/contents/.venv/lib/python3.12/site-packages/face_recognition_models/__init__.py?content=0&hash=0&1769453163078 (127.0.0.1)
    HTTPServerRequest(protocol='http', host='localhost:11002', method='GET', uri='/api/contents/.venv/lib/python3.12/site-packages/face_recognition_models/__init__.py?content=0&hash=0&1769453163078', version='HTTP/1.1', remote_ip='127.0.0.1')
    Traceback (most recent call last):
      File "/home/aispark/Project/Facial_rec_DL/.venv/lib/python3.12/site-packages/jupyter_server/services/contents/handlers.py", line 156, in get
        model = await ensure_async(
                ^^^^^^^^^^^^^^^^^^^
      File "/home/aispark/Project/Facial_rec_DL/.venv/lib/python3.12/site-packages/jupyter_core/utils/__init__.py", line 214, in ensure_async
        result = await obj
                 ^^^^^^^^^
      File "/home/aispark/Project/Facial_rec_DL/.venv/lib/python3.12/site-packages/jupyter_server/services/contents/filemanager.py", line 928, in get
        model = await self._file_model(
                ^^^^^^^^^^^^^^^^^^^^^^^
      File "/home/aispark/Project/Facial_rec_DL/.venv/lib/python3.12/site-packages/jupyter_server/services/contents/filemanager.py", line 829, in _file_model
        model = self._base_model(path)
                ^^^^^^^^^^^^^^^^^^^^^^
      File "/home/aispark/Project/Facial_rec_DL/.venv/lib/python3.12/site-packages/jupyter_server/services/contents/filemanager.py", line 237, in _base_model
        raise web.HTTPError(404, four_o_four)
    tornado.web.HTTPError: HTTP 404: Not Found (file or directory does not exist: '.venv/lib/python3.12/site-packages/face_recognition_models/__init__.py')
    
    During handling of the above exception, another exception occurred:
    
    Traceback (most recent call last):
      File "/home/aispark/Project/Facial_rec_DL/.venv/lib/python3.12/site-packages/tornado/web.py", line 1859, in _execute
        result = await result
                 ^^^^^^^^^^^^
      File "/home/aispark/Project/Facial_rec_DL/.venv/lib/python3.12/site-packages/jupyter_server/auth/decorator.py", line 73, in inner
        return await out
               ^^^^^^^^^
      File "/home/aispark/Project/Facial_rec_DL/.venv/lib/python3.12/site-packages/jupyter_server/services/contents/handlers.py", line 182, in get
        await self._finish_error(
      File "/home/aispark/Project/Facial_rec_DL/.venv/lib/python3.12/site-packages/jupyter_server/services/contents/handlers.py", line 114, in _finish_error
        self.write(message)
      File "/home/aispark/Project/Facial_rec_DL/.venv/lib/python3.12/site-packages/tornado/web.py", line 974, in write
        raise RuntimeError("Cannot write() after finish()")
    RuntimeError: Cannot write() after finish()
/usr/bin/xdg-open: 882: www-browser: not found
/usr/bin/xdg-open: 882: links2: not found
/usr/bin/xdg-open: 882: elinks: not found
/usr/bin/xdg-open: 882: links: not found
/usr/bin/xdg-open: 882: lynx: not found
/usr/bin/xdg-open: 882: w3m: not found
xdg-open: no method available for opening '/tmp/tmppndxuced.PNG'
[I 2026-01-26 18:48:00.475 ServerApp] Saving file at /face_landmarks.ipynb
[I 2026-01-26 18:50:37.241 ServerApp] Saving file at /face_landmarks.ipynb
[I 2026-01-26 18:53:53.467 ServerApp] Saving file at /face_landmarks.ipynb
[I 2026-01-26 19:05:48.277 ServerApp] Starting buffering for 1a3d97da-ba47-4816-beb5-840941a5af6e:6468dc84-e619-4b89-86ac-eae68bcd2a75
[I 2026-01-26 19:06:15.921 ServerApp] Creating new notebook in 
[I 2026-01-26 19:06:16.278 ServerApp] Kernel started: a0ea0e64-09c4-4530-9980-7078dd9b7382
[I 2026-01-26 19:06:16.573 ServerApp] Adapting from protocol version 5.3 (kernel a0ea0e64-09c4-4530-9980-7078dd9b7382) to 5.4 (client).
[I 2026-01-26 19:06:16.573 ServerApp] Connecting to kernel a0ea0e64-09c4-4530-9980-7078dd9b7382.
[I 2026-01-26 19:06:35.515 ServerApp] Saving file at /python_code/multi_face_landmarks.py
[W 2026-01-26 19:07:16.122 ServerApp] 404 GET /api/contents/.venv/lib/python3.12/site-packages/face_recognition_models/__init__.py?content=0&hash=0&1769454436063 (f1ec6b7d3c544db2b8e8b0eb60b563f1@127.0.0.1) 0.59ms referer=http://localhost:11002/lab/tree/multi_face_landmarks.ipynb
[I 2026-01-26 19:07:16.122 ServerApp] Refusing to serve hidden file or directory '/home/aispark/Project/Facial_rec_DL/.venv/lib/python3.12/site-packages/face_recognition_models/__init__.py', via 404 Error
[E 2026-01-26 19:07:16.122 ServerApp] Uncaught exception GET /api/contents/.venv/lib/python3.12/site-packages/face_recognition_models/__init__.py?content=0&hash=0&1769454436063 (127.0.0.1)
    HTTPServerRequest(protocol='http', host='localhost:11002', method='GET', uri='/api/contents/.venv/lib/python3.12/site-packages/face_recognition_models/__init__.py?content=0&hash=0&1769454436063', version='HTTP/1.1', remote_ip='127.0.0.1')
    Traceback (most recent call last):
      File "/home/aispark/Project/Facial_rec_DL/.venv/lib/python3.12/site-packages/jupyter_server/services/contents/handlers.py", line 156, in get
        model = await ensure_async(
                ^^^^^^^^^^^^^^^^^^^
      File "/home/aispark/Project/Facial_rec_DL/.venv/lib/python3.12/site-packages/jupyter_core/utils/__init__.py", line 214, in ensure_async
        result = await obj
                 ^^^^^^^^^
      File "/home/aispark/Project/Facial_rec_DL/.venv/lib/python3.12/site-packages/jupyter_server/services/contents/filemanager.py", line 928, in get
        model = await self._file_model(
                ^^^^^^^^^^^^^^^^^^^^^^^
      File "/home/aispark/Project/Facial_rec_DL/.venv/lib/python3.12/site-packages/jupyter_server/services/contents/filemanager.py", line 829, in _file_model
        model = self._base_model(path)
                ^^^^^^^^^^^^^^^^^^^^^^
      File "/home/aispark/Project/Facial_rec_DL/.venv/lib/python3.12/site-packages/jupyter_server/services/contents/filemanager.py", line 237, in _base_model
        raise web.HTTPError(404, four_o_four)
    tornado.web.HTTPError: HTTP 404: Not Found (file or directory does not exist: '.venv/lib/python3.12/site-packages/face_recognition_models/__init__.py')
    
    During handling of the above exception, another exception occurred:
    
    Traceback (most recent call last):
      File "/home/aispark/Project/Facial_rec_DL/.venv/lib/python3.12/site-packages/tornado/web.py", line 1859, in _execute
        result = await result
                 ^^^^^^^^^^^^
      File "/home/aispark/Project/Facial_rec_DL/.venv/lib/python3.12/site-packages/jupyter_server/auth/decorator.py", line 73, in inner
        return await out
               ^^^^^^^^^
      File "/home/aispark/Project/Facial_rec_DL/.venv/lib/python3.12/site-packages/jupyter_server/services/contents/handlers.py", line 182, in get
        await self._finish_error(
      File "/home/aispark/Project/Facial_rec_DL/.venv/lib/python3.12/site-packages/jupyter_server/services/contents/handlers.py", line 114, in _finish_error
        self.write(message)
      File "/home/aispark/Project/Facial_rec_DL/.venv/lib/python3.12/site-packages/tornado/web.py", line 974, in write
        raise RuntimeError("Cannot write() after finish()")
    RuntimeError: Cannot write() after finish()
[I 2026-01-26 19:08:00.004 ServerApp] Saving file at /multi_face_landmarks.ipynb
[I 2026-01-26 19:14:00.827 ServerApp] New terminal with automatic name: 2
