[I 2026-01-27 22:15:46.668 ServerApp] jupyter_lsp | extension was successfully linked.
[I 2026-01-27 22:15:46.670 ServerApp] jupyter_server_terminals | extension was successfully linked.
[I 2026-01-27 22:15:46.671 ServerApp] jupyterlab | extension was successfully linked.
[I 2026-01-27 22:15:46.671 ServerApp] jupyterlab_nvdashboard | extension was successfully linked.
[I 2026-01-27 22:15:46.671 ServerApp] jupyterlab_nvidia_nsight | extension was successfully linked.
[I 2026-01-27 22:15:46.886 ServerApp] notebook_shim | extension was successfully linked.
[I 2026-01-27 22:15:46.913 ServerApp] notebook_shim | extension was successfully loaded.
[I 2026-01-27 22:15:46.913 ServerApp] jupyter_lsp | extension was successfully loaded.
[I 2026-01-27 22:15:46.914 ServerApp] jupyter_server_terminals | extension was successfully loaded.
[I 2026-01-27 22:15:46.918 LabApp] JupyterLab extension loaded from /home/aispark/Project/Facial_rec_DL/.venv/lib/python3.12/site-packages/jupyterlab
[I 2026-01-27 22:15:46.918 LabApp] JupyterLab application directory is /home/aispark/Project/Facial_rec_DL/.venv/share/jupyter/lab
[I 2026-01-27 22:15:46.918 LabApp] Extension Manager is 'pypi'.
[I 2026-01-27 22:15:46.951 ServerApp] jupyterlab | extension was successfully loaded.
[I 2026-01-27 22:15:46.952 ServerApp] Registered jupyterlab_nvdashboard server extension
[I 2026-01-27 22:15:46.952 ServerApp] jupyterlab_nvdashboard | extension was successfully loaded.
[I 2026-01-27 22:15:46.952 ServerApp] Registered jupyterlab_nvidia_nsight server extension
[I 2026-01-27 22:15:46.952 ServerApp] jupyterlab_nvidia_nsight | extension was successfully loaded.
[I 2026-01-27 22:15:46.952 ServerApp] Serving notebooks from local directory: /home/aispark/Project/Facial_rec_DL
[I 2026-01-27 22:15:46.952 ServerApp] Jupyter Server 2.17.0 is running at:
[I 2026-01-27 22:15:46.952 ServerApp] http://localhost:11002/lab?token=85ef9d5c18d11ec8bef86f5deaebf716c3d294243f020a0d
[I 2026-01-27 22:15:46.952 ServerApp]     http://127.0.0.1:11002/lab?token=85ef9d5c18d11ec8bef86f5deaebf716c3d294243f020a0d
[I 2026-01-27 22:15:46.952 ServerApp] Use Control-C to stop this server and shut down all kernels (twice to skip confirmation).
[C 2026-01-27 22:15:46.954 ServerApp] 
    
    To access the server, open this file in a browser:
        file:///home/aispark/.local/share/jupyter/runtime/jpserver-5305-open.html
    Or copy and paste one of these URLs:
        http://localhost:11002/lab?token=85ef9d5c18d11ec8bef86f5deaebf716c3d294243f020a0d
        http://127.0.0.1:11002/lab?token=85ef9d5c18d11ec8bef86f5deaebf716c3d294243f020a0d
[I 2026-01-27 22:15:46.969 ServerApp] Skipped non-installed server(s): basedpyright, bash-language-server, dockerfile-language-server-nodejs, javascript-typescript-langserver, jedi-language-server, julia-language-server, pyrefly, pyright, python-language-server, python-lsp-server, r-languageserver, sql-language-server, texlab, typescript-language-server, unified-language-server, vscode-css-languageserver-bin, vscode-html-languageserver-bin, vscode-json-languageserver-bin, yaml-language-server
[I 2026-01-27 22:15:50.946 ServerApp] 302 GET /?token=[secret] (@127.0.0.1) 0.22ms
[W 2026-01-27 22:15:55.974 LabApp] Could not determine jupyterlab build status without nodejs
[W 2026-01-27 22:15:57.735 ServerApp] 404 GET /api/contents/Untitled.ipynb?content=0&hash=0&1769552157644 (f1ec6b7d3c544db2b8e8b0eb60b563f1@127.0.0.1) 0.77ms referer=http://localhost:11002/lab
[W 2026-01-27 22:15:57.735 ServerApp] 404 GET /api/contents/Untitled.ipynb?content=0&hash=0&1769552157644 (127.0.0.1): No such file or directory: Untitled.ipynb
[W 2026-01-27 22:15:57.840 ServerApp] 404 GET /api/contents/python_code/Untitled.ipynb?content=0&hash=0&1769552157645 (f1ec6b7d3c544db2b8e8b0eb60b563f1@127.0.0.1) 0.64ms referer=http://localhost:11002/lab
[W 2026-01-27 22:15:57.840 ServerApp] 404 GET /api/contents/python_code/Untitled.ipynb?content=0&hash=0&1769552157645 (127.0.0.1): No such file or directory: python_code/Untitled.ipynb
[W 2026-01-27 22:15:57.840 ServerApp] 404 GET /api/contents/python_code/deepface_analysis.ipynb?content=0&hash=0&1769552157645 (f1ec6b7d3c544db2b8e8b0eb60b563f1@127.0.0.1) 0.73ms referer=http://localhost:11002/lab
[W 2026-01-27 22:15:57.840 ServerApp] 404 GET /api/contents/python_code/deepface_analysis.ipynb?content=0&hash=0&1769552157645 (127.0.0.1): No such file or directory: python_code/deepface_analysis.ipynb
[I 2026-01-27 22:15:59.146 ServerApp] Kernel started: 37bf43cc-5bfe-4d80-90a3-6b8160b213da
[I 2026-01-27 22:15:59.676 ServerApp] Adapting from protocol version 5.3 (kernel 37bf43cc-5bfe-4d80-90a3-6b8160b213da) to 5.4 (client).
[I 2026-01-27 22:15:59.676 ServerApp] Connecting to kernel 37bf43cc-5bfe-4d80-90a3-6b8160b213da.
[W 2026-01-27 22:15:59.676 ServerApp] The websocket_ping_timeout (90000) cannot be longer than the websocket_ping_interval (30000).
    Setting websocket_ping_timeout=30000
[I 2026-01-27 22:16:00.584 ServerApp] Adapting from protocol version 5.3 (kernel 37bf43cc-5bfe-4d80-90a3-6b8160b213da) to 5.4 (client).
[I 2026-01-27 22:16:00.585 ServerApp] Connecting to kernel 37bf43cc-5bfe-4d80-90a3-6b8160b213da.
[I 2026-01-27 22:16:03.040 ServerApp] Adapting from protocol version 5.3 (kernel 37bf43cc-5bfe-4d80-90a3-6b8160b213da) to 5.4 (client).
[I 2026-01-27 22:16:03.041 ServerApp] Connecting to kernel 37bf43cc-5bfe-4d80-90a3-6b8160b213da.
[W 2026-01-27 22:19:15.618 ServerApp] 404 GET /api/contents/.venv/lib/python3.12/site-packages/deepface/modules/detection.py?content=0&hash=0&1769552355417 (f1ec6b7d3c544db2b8e8b0eb60b563f1@127.0.0.1) 0.72ms referer=http://localhost:11002/lab/tree/images/testing
[I 2026-01-27 22:19:15.618 ServerApp] Refusing to serve hidden file or directory '/home/aispark/Project/Facial_rec_DL/.venv/lib/python3.12/site-packages/deepface/modules/detection.py', via 404 Error
[E 2026-01-27 22:19:15.618 ServerApp] Uncaught exception GET /api/contents/.venv/lib/python3.12/site-packages/deepface/modules/detection.py?content=0&hash=0&1769552355417 (127.0.0.1)
    HTTPServerRequest(protocol='http', host='localhost:11002', method='GET', uri='/api/contents/.venv/lib/python3.12/site-packages/deepface/modules/detection.py?content=0&hash=0&1769552355417', version='HTTP/1.1', remote_ip='127.0.0.1')
    Traceback (most recent call last):
      File "/home/aispark/Project/Facial_rec_DL/.venv/lib/python3.12/site-packages/jupyter_server/services/contents/handlers.py", line 156, in get
        model = await ensure_async(
                ^^^^^^^^^^^^^^^^^^^
      File "/home/aispark/Project/Facial_rec_DL/.venv/lib/python3.12/site-packages/jupyter_core/utils/__init__.py", line 214, in ensure_async
        result = await obj
                 ^^^^^^^^^
      File "/home/aispark/Project/Facial_rec_DL/.venv/lib/python3.12/site-packages/jupyter_server/services/contents/filemanager.py", line 928, in get
        model = await self._file_model(
                ^^^^^^^^^^^^^^^^^^^^^^^
      File "/home/aispark/Project/Facial_rec_DL/.venv/lib/python3.12/site-packages/jupyter_server/services/contents/filemanager.py", line 829, in _file_model
        model = self._base_model(path)
                ^^^^^^^^^^^^^^^^^^^^^^
      File "/home/aispark/Project/Facial_rec_DL/.venv/lib/python3.12/site-packages/jupyter_server/services/contents/filemanager.py", line 237, in _base_model
        raise web.HTTPError(404, four_o_four)
    tornado.web.HTTPError: HTTP 404: Not Found (file or directory does not exist: '.venv/lib/python3.12/site-packages/deepface/modules/detection.py')
    
    During handling of the above exception, another exception occurred:
    
    Traceback (most recent call last):
      File "/home/aispark/Project/Facial_rec_DL/.venv/lib/python3.12/site-packages/tornado/web.py", line 1859, in _execute
        result = await result
                 ^^^^^^^^^^^^
      File "/home/aispark/Project/Facial_rec_DL/.venv/lib/python3.12/site-packages/jupyter_server/auth/decorator.py", line 73, in inner
        return await out
               ^^^^^^^^^
      File "/home/aispark/Project/Facial_rec_DL/.venv/lib/python3.12/site-packages/jupyter_server/services/contents/handlers.py", line 182, in get
        await self._finish_error(
      File "/home/aispark/Project/Facial_rec_DL/.venv/lib/python3.12/site-packages/jupyter_server/services/contents/handlers.py", line 114, in _finish_error
        self.write(message)
      File "/home/aispark/Project/Facial_rec_DL/.venv/lib/python3.12/site-packages/tornado/web.py", line 974, in write
        raise RuntimeError("Cannot write() after finish()")
    RuntimeError: Cannot write() after finish()
[W 2026-01-27 22:19:15.631 ServerApp] 404 GET /api/contents/.venv/lib/python3.12/site-packages/deepface/DeepFace.py?content=0&hash=0&1769552355416 (f1ec6b7d3c544db2b8e8b0eb60b563f1@127.0.0.1) 13.37ms referer=http://localhost:11002/lab/tree/images/testing
[I 2026-01-27 22:19:15.631 ServerApp] Refusing to serve hidden file or directory '/home/aispark/Project/Facial_rec_DL/.venv/lib/python3.12/site-packages/deepface/DeepFace.py', via 404 Error
[E 2026-01-27 22:19:15.631 ServerApp] Uncaught exception GET /api/contents/.venv/lib/python3.12/site-packages/deepface/DeepFace.py?content=0&hash=0&1769552355416 (127.0.0.1)
    HTTPServerRequest(protocol='http', host='localhost:11002', method='GET', uri='/api/contents/.venv/lib/python3.12/site-packages/deepface/DeepFace.py?content=0&hash=0&1769552355416', version='HTTP/1.1', remote_ip='127.0.0.1')
    Traceback (most recent call last):
      File "/home/aispark/Project/Facial_rec_DL/.venv/lib/python3.12/site-packages/jupyter_server/services/contents/handlers.py", line 156, in get
        model = await ensure_async(
                ^^^^^^^^^^^^^^^^^^^
      File "/home/aispark/Project/Facial_rec_DL/.venv/lib/python3.12/site-packages/jupyter_core/utils/__init__.py", line 214, in ensure_async
        result = await obj
                 ^^^^^^^^^
      File "/home/aispark/Project/Facial_rec_DL/.venv/lib/python3.12/site-packages/jupyter_server/services/contents/filemanager.py", line 928, in get
        model = await self._file_model(
                ^^^^^^^^^^^^^^^^^^^^^^^
      File "/home/aispark/Project/Facial_rec_DL/.venv/lib/python3.12/site-packages/jupyter_server/services/contents/filemanager.py", line 829, in _file_model
        model = self._base_model(path)
                ^^^^^^^^^^^^^^^^^^^^^^
      File "/home/aispark/Project/Facial_rec_DL/.venv/lib/python3.12/site-packages/jupyter_server/services/contents/filemanager.py", line 237, in _base_model
        raise web.HTTPError(404, four_o_four)
    tornado.web.HTTPError: HTTP 404: Not Found (file or directory does not exist: '.venv/lib/python3.12/site-packages/deepface/DeepFace.py')
    
    During handling of the above exception, another exception occurred:
    
    Traceback (most recent call last):
      File "/home/aispark/Project/Facial_rec_DL/.venv/lib/python3.12/site-packages/tornado/web.py", line 1859, in _execute
        result = await result
                 ^^^^^^^^^^^^
      File "/home/aispark/Project/Facial_rec_DL/.venv/lib/python3.12/site-packages/jupyter_server/auth/decorator.py", line 73, in inner
        return await out
               ^^^^^^^^^
      File "/home/aispark/Project/Facial_rec_DL/.venv/lib/python3.12/site-packages/jupyter_server/services/contents/handlers.py", line 182, in get
        await self._finish_error(
      File "/home/aispark/Project/Facial_rec_DL/.venv/lib/python3.12/site-packages/jupyter_server/services/contents/handlers.py", line 114, in _finish_error
        self.write(message)
      File "/home/aispark/Project/Facial_rec_DL/.venv/lib/python3.12/site-packages/tornado/web.py", line 974, in write
        raise RuntimeError("Cannot write() after finish()")
    RuntimeError: Cannot write() after finish()
[W 2026-01-27 22:19:15.632 ServerApp] 404 GET /api/contents/.venv/lib/python3.12/site-packages/deepface/modules/demography.py?content=0&hash=0&1769552355417 (f1ec6b7d3c544db2b8e8b0eb60b563f1@127.0.0.1) 13.87ms referer=http://localhost:11002/lab/tree/images/testing
[I 2026-01-27 22:19:15.632 ServerApp] Refusing to serve hidden file or directory '/home/aispark/Project/Facial_rec_DL/.venv/lib/python3.12/site-packages/deepface/modules/demography.py', via 404 Error
[E 2026-01-27 22:19:15.632 ServerApp] Uncaught exception GET /api/contents/.venv/lib/python3.12/site-packages/deepface/modules/demography.py?content=0&hash=0&1769552355417 (127.0.0.1)
    HTTPServerRequest(protocol='http', host='localhost:11002', method='GET', uri='/api/contents/.venv/lib/python3.12/site-packages/deepface/modules/demography.py?content=0&hash=0&1769552355417', version='HTTP/1.1', remote_ip='127.0.0.1')
    Traceback (most recent call last):
      File "/home/aispark/Project/Facial_rec_DL/.venv/lib/python3.12/site-packages/jupyter_server/services/contents/handlers.py", line 156, in get
        model = await ensure_async(
                ^^^^^^^^^^^^^^^^^^^
      File "/home/aispark/Project/Facial_rec_DL/.venv/lib/python3.12/site-packages/jupyter_core/utils/__init__.py", line 214, in ensure_async
        result = await obj
                 ^^^^^^^^^
      File "/home/aispark/Project/Facial_rec_DL/.venv/lib/python3.12/site-packages/jupyter_server/services/contents/filemanager.py", line 928, in get
        model = await self._file_model(
                ^^^^^^^^^^^^^^^^^^^^^^^
      File "/home/aispark/Project/Facial_rec_DL/.venv/lib/python3.12/site-packages/jupyter_server/services/contents/filemanager.py", line 829, in _file_model
        model = self._base_model(path)
                ^^^^^^^^^^^^^^^^^^^^^^
      File "/home/aispark/Project/Facial_rec_DL/.venv/lib/python3.12/site-packages/jupyter_server/services/contents/filemanager.py", line 237, in _base_model
        raise web.HTTPError(404, four_o_four)
    tornado.web.HTTPError: HTTP 404: Not Found (file or directory does not exist: '.venv/lib/python3.12/site-packages/deepface/modules/demography.py')
    
    During handling of the above exception, another exception occurred:
    
    Traceback (most recent call last):
      File "/home/aispark/Project/Facial_rec_DL/.venv/lib/python3.12/site-packages/tornado/web.py", line 1859, in _execute
        result = await result
                 ^^^^^^^^^^^^
      File "/home/aispark/Project/Facial_rec_DL/.venv/lib/python3.12/site-packages/jupyter_server/auth/decorator.py", line 73, in inner
        return await out
               ^^^^^^^^^
      File "/home/aispark/Project/Facial_rec_DL/.venv/lib/python3.12/site-packages/jupyter_server/services/contents/handlers.py", line 182, in get
        await self._finish_error(
      File "/home/aispark/Project/Facial_rec_DL/.venv/lib/python3.12/site-packages/jupyter_server/services/contents/handlers.py", line 114, in _finish_error
        self.write(message)
      File "/home/aispark/Project/Facial_rec_DL/.venv/lib/python3.12/site-packages/tornado/web.py", line 974, in write
        raise RuntimeError("Cannot write() after finish()")
    RuntimeError: Cannot write() after finish()
[W 2026-01-27 22:19:18.900 ServerApp] 404 GET /api/contents/.venv/lib/python3.12/site-packages/deepface/commons/image_utils.py?content=0&hash=0&1769552355418 (f1ec6b7d3c544db2b8e8b0eb60b563f1@127.0.0.1) 0.60ms referer=http://localhost:11002/lab/tree/images/testing
[I 2026-01-27 22:19:18.900 ServerApp] Refusing to serve hidden file or directory '/home/aispark/Project/Facial_rec_DL/.venv/lib/python3.12/site-packages/deepface/commons/image_utils.py', via 404 Error
[E 2026-01-27 22:19:18.900 ServerApp] Uncaught exception GET /api/contents/.venv/lib/python3.12/site-packages/deepface/commons/image_utils.py?content=0&hash=0&1769552355418 (127.0.0.1)
    HTTPServerRequest(protocol='http', host='localhost:11002', method='GET', uri='/api/contents/.venv/lib/python3.12/site-packages/deepface/commons/image_utils.py?content=0&hash=0&1769552355418', version='HTTP/1.1', remote_ip='127.0.0.1')
    Traceback (most recent call last):
      File "/home/aispark/Project/Facial_rec_DL/.venv/lib/python3.12/site-packages/jupyter_server/services/contents/handlers.py", line 156, in get
        model = await ensure_async(
                ^^^^^^^^^^^^^^^^^^^
      File "/home/aispark/Project/Facial_rec_DL/.venv/lib/python3.12/site-packages/jupyter_core/utils/__init__.py", line 214, in ensure_async
        result = await obj
                 ^^^^^^^^^
      File "/home/aispark/Project/Facial_rec_DL/.venv/lib/python3.12/site-packages/jupyter_server/services/contents/filemanager.py", line 928, in get
        model = await self._file_model(
                ^^^^^^^^^^^^^^^^^^^^^^^
      File "/home/aispark/Project/Facial_rec_DL/.venv/lib/python3.12/site-packages/jupyter_server/services/contents/filemanager.py", line 829, in _file_model
        model = self._base_model(path)
                ^^^^^^^^^^^^^^^^^^^^^^
      File "/home/aispark/Project/Facial_rec_DL/.venv/lib/python3.12/site-packages/jupyter_server/services/contents/filemanager.py", line 237, in _base_model
        raise web.HTTPError(404, four_o_four)
    tornado.web.HTTPError: HTTP 404: Not Found (file or directory does not exist: '.venv/lib/python3.12/site-packages/deepface/commons/image_utils.py')
    
    During handling of the above exception, another exception occurred:
    
    Traceback (most recent call last):
      File "/home/aispark/Project/Facial_rec_DL/.venv/lib/python3.12/site-packages/tornado/web.py", line 1859, in _execute
        result = await result
                 ^^^^^^^^^^^^
      File "/home/aispark/Project/Facial_rec_DL/.venv/lib/python3.12/site-packages/jupyter_server/auth/decorator.py", line 73, in inner
        return await out
               ^^^^^^^^^
      File "/home/aispark/Project/Facial_rec_DL/.venv/lib/python3.12/site-packages/jupyter_server/services/contents/handlers.py", line 182, in get
        await self._finish_error(
      File "/home/aispark/Project/Facial_rec_DL/.venv/lib/python3.12/site-packages/jupyter_server/services/contents/handlers.py", line 114, in _finish_error
        self.write(message)
      File "/home/aispark/Project/Facial_rec_DL/.venv/lib/python3.12/site-packages/tornado/web.py", line 974, in write
        raise RuntimeError("Cannot write() after finish()")
    RuntimeError: Cannot write() after finish()
[I 2026-01-27 22:19:58.704 ServerApp] Saving file at /deepface_analysis.ipynb
[I 2026-01-27 22:29:49.758 ServerApp] Starting buffering for 37bf43cc-5bfe-4d80-90a3-6b8160b213da:c62e49e5-e47d-4a39-be70-1b1f83593e04
[I 2026-01-27 22:44:35.827 ServerApp] 302 GET /?token=[secret] (@127.0.0.1) 0.24ms
[W 2026-01-27 22:44:37.663 LabApp] Could not determine jupyterlab build status without nodejs
[I 2026-01-27 22:44:37.765 ServerApp] Adapting from protocol version 5.3 (kernel 37bf43cc-5bfe-4d80-90a3-6b8160b213da) to 5.4 (client).
[I 2026-01-27 22:44:37.766 ServerApp] Connecting to kernel 37bf43cc-5bfe-4d80-90a3-6b8160b213da.
[I 2026-01-27 22:44:38.171 ServerApp] Starting buffering for 37bf43cc-5bfe-4d80-90a3-6b8160b213da:c0f1b41e-e64d-44f6-be70-b2ade2c4c0cd
[I 2026-01-27 22:44:39.059 ServerApp] Adapting from protocol version 5.3 (kernel 37bf43cc-5bfe-4d80-90a3-6b8160b213da) to 5.4 (client).
[I 2026-01-27 22:44:39.059 ServerApp] Connecting to kernel 37bf43cc-5bfe-4d80-90a3-6b8160b213da.
[I 2026-01-27 22:46:38.708 ServerApp] Saving file at /deepface_analysis.ipynb
[I 2026-01-27 22:48:38.925 ServerApp] Saving file at /deepface_analysis.ipynb
[I 2026-01-27 22:48:48.721 ServerApp] Kernel started: df27c01f-150b-466e-82ab-fe8c87c09c96
[I 2026-01-27 22:48:48.935 ServerApp] Adapting from protocol version 5.3 (kernel df27c01f-150b-466e-82ab-fe8c87c09c96) to 5.4 (client).
[I 2026-01-27 22:48:48.936 ServerApp] Connecting to kernel df27c01f-150b-466e-82ab-fe8c87c09c96.
[I 2026-01-27 22:49:58.970 ServerApp] Kernel started: 557005a7-9533-4e56-a1c2-6214dec9d23e
[I 2026-01-27 22:49:59.223 ServerApp] Adapting from protocol version 5.3 (kernel 557005a7-9533-4e56-a1c2-6214dec9d23e) to 5.4 (client).
[I 2026-01-27 22:49:59.223 ServerApp] Connecting to kernel 557005a7-9533-4e56-a1c2-6214dec9d23e.
[I 2026-01-27 22:50:02.969 ServerApp] Kernel started: 1ec3dd34-5aa3-4ec7-9d7c-5ff2d91ac1b0
[I 2026-01-27 22:50:03.176 ServerApp] Adapting from protocol version 5.3 (kernel 1ec3dd34-5aa3-4ec7-9d7c-5ff2d91ac1b0) to 5.4 (client).
[I 2026-01-27 22:50:03.176 ServerApp] Connecting to kernel 1ec3dd34-5aa3-4ec7-9d7c-5ff2d91ac1b0.
[W 2026-01-27 22:58:29.224 ServerApp] WebSocket ping timeout after 119960 ms.
[W 2026-01-27 22:58:33.178 ServerApp] WebSocket ping timeout after 119975 ms.
[I 2026-01-27 22:58:34.227 ServerApp] Starting buffering for 557005a7-9533-4e56-a1c2-6214dec9d23e:ca84819e-9721-45c8-8a32-f289837f95f7
[I 2026-01-27 22:58:38.180 ServerApp] Starting buffering for 1ec3dd34-5aa3-4ec7-9d7c-5ff2d91ac1b0:f59c318b-a12f-4153-8eef-939d0d711cff
[W 2026-01-27 22:58:39.061 ServerApp] WebSocket ping timeout after 119956 ms.
[I 2026-01-27 22:58:44.063 ServerApp] Starting buffering for 37bf43cc-5bfe-4d80-90a3-6b8160b213da:6dca81fa-8671-434c-8c68-52d87daa9819
[W 2026-01-27 22:58:48.937 ServerApp] WebSocket ping timeout after 119952 ms.
[I 2026-01-27 22:58:53.939 ServerApp] Starting buffering for df27c01f-150b-466e-82ab-fe8c87c09c96:e345d470-6b81-40b3-a87b-29ad00dfabd5
[W 2026-01-28 00:19:49.990 TerminalsExtensionApp] 404 GET /terminals/websocket/1 (c59dbc8dee3745109c9a330e5964135e@127.0.0.1) 24.34ms referer=None
[W 2026-01-28 00:19:50.012 ServerApp] 404 GET /api/kernels/34985fb2-0291-4a8b-85fc-dc041b59ad68?1769559591736 (127.0.0.1): Kernel does not exist: 34985fb2-0291-4a8b-85fc-dc041b59ad68
[W 2026-01-28 00:19:50.012 ServerApp] wrote error: 'Kernel does not exist: 34985fb2-0291-4a8b-85fc-dc041b59ad68'
    Traceback (most recent call last):
      File "/home/aispark/Project/Facial_rec_DL/.venv/lib/python3.12/site-packages/tornado/web.py", line 1859, in _execute
        result = await result
                 ^^^^^^^^^^^^
      File "/home/aispark/Project/Facial_rec_DL/.venv/lib/python3.12/site-packages/jupyter_server/auth/decorator.py", line 73, in inner
        return await out
               ^^^^^^^^^
      File "/home/aispark/Project/Facial_rec_DL/.venv/lib/python3.12/site-packages/jupyter_server/services/kernels/handlers.py", line 75, in get
        model = await ensure_async(km.kernel_model(kernel_id))
                                   ^^^^^^^^^^^^^^^^^^^^^^^^^^
      File "/home/aispark/Project/Facial_rec_DL/.venv/lib/python3.12/site-packages/jupyter_server/services/kernels/kernelmanager.py", line 513, in kernel_model
        self._check_kernel_id(kernel_id)
      File "/home/aispark/Project/Facial_rec_DL/.venv/lib/python3.12/site-packages/jupyter_server/services/kernels/kernelmanager.py", line 544, in _check_kernel_id
        raise web.HTTPError(404, "Kernel does not exist: %s" % kernel_id)
    tornado.web.HTTPError: HTTP 404: Not Found (Kernel does not exist: 34985fb2-0291-4a8b-85fc-dc041b59ad68)
[W 2026-01-28 00:19:50.014 ServerApp] 404 GET /api/kernels/34985fb2-0291-4a8b-85fc-dc041b59ad68?1769559591736 (c59dbc8dee3745109c9a330e5964135e@127.0.0.1) 2.36ms referer=http://localhost:11002/lab
[W 2026-01-28 00:19:50.015 TerminalsExtensionApp] 404 GET /terminals/websocket/3 (c59dbc8dee3745109c9a330e5964135e@127.0.0.1) 0.62ms referer=None
[W 2026-01-28 00:19:50.053 TerminalsExtensionApp] 404 GET /terminals/websocket/2 (c59dbc8dee3745109c9a330e5964135e@127.0.0.1) 0.53ms referer=None
[W 2026-01-28 00:19:50.348 TerminalsExtensionApp] 404 GET /terminals/websocket/1 (c59dbc8dee3745109c9a330e5964135e@127.0.0.1) 0.81ms referer=None
[W 2026-01-28 00:19:50.375 ServerApp] 404 GET /api/kernels/34985fb2-0291-4a8b-85fc-dc041b59ad68/channels?session_id=f2728faf-bd48-46b9-9c94-c123b858286b (127.0.0.1): Kernel does not exist: 34985fb2-0291-4a8b-85fc-dc041b59ad68
[W 2026-01-28 00:19:50.376 ServerApp] 404 GET /api/kernels/34985fb2-0291-4a8b-85fc-dc041b59ad68/channels?session_id=f2728faf-bd48-46b9-9c94-c123b858286b (c59dbc8dee3745109c9a330e5964135e@127.0.0.1) 0.57ms referer=None
[W 2026-01-28 00:19:50.461 ServerApp] 404 GET /api/kernels/34985fb2-0291-4a8b-85fc-dc041b59ad68?1769559592196 (127.0.0.1): Kernel does not exist: 34985fb2-0291-4a8b-85fc-dc041b59ad68
[W 2026-01-28 00:19:50.461 ServerApp] wrote error: 'Kernel does not exist: 34985fb2-0291-4a8b-85fc-dc041b59ad68'
    Traceback (most recent call last):
      File "/home/aispark/Project/Facial_rec_DL/.venv/lib/python3.12/site-packages/tornado/web.py", line 1859, in _execute
        result = await result
                 ^^^^^^^^^^^^
      File "/home/aispark/Project/Facial_rec_DL/.venv/lib/python3.12/site-packages/jupyter_server/auth/decorator.py", line 73, in inner
        return await out
               ^^^^^^^^^
      File "/home/aispark/Project/Facial_rec_DL/.venv/lib/python3.12/site-packages/jupyter_server/services/kernels/handlers.py", line 75, in get
        model = await ensure_async(km.kernel_model(kernel_id))
                                   ^^^^^^^^^^^^^^^^^^^^^^^^^^
      File "/home/aispark/Project/Facial_rec_DL/.venv/lib/python3.12/site-packages/jupyter_server/services/kernels/kernelmanager.py", line 513, in kernel_model
        self._check_kernel_id(kernel_id)
      File "/home/aispark/Project/Facial_rec_DL/.venv/lib/python3.12/site-packages/jupyter_server/services/kernels/kernelmanager.py", line 544, in _check_kernel_id
        raise web.HTTPError(404, "Kernel does not exist: %s" % kernel_id)
    tornado.web.HTTPError: HTTP 404: Not Found (Kernel does not exist: 34985fb2-0291-4a8b-85fc-dc041b59ad68)
[W 2026-01-28 00:19:50.461 ServerApp] 404 GET /api/kernels/34985fb2-0291-4a8b-85fc-dc041b59ad68?1769559592196 (c59dbc8dee3745109c9a330e5964135e@127.0.0.1) 1.05ms referer=http://localhost:11002/lab
[W 2026-01-28 00:19:59.071 TerminalsExtensionApp] 404 GET /terminals/websocket/4 (c59dbc8dee3745109c9a330e5964135e@127.0.0.1) 0.83ms referer=None
[W 2026-01-28 01:18:15.678 TerminalsExtensionApp] 404 GET /terminals/websocket/5 (c59dbc8dee3745109c9a330e5964135e@127.0.0.1) 0.67ms referer=None
[W 2026-01-28 01:18:15.771 TerminalsExtensionApp] 404 GET /terminals/websocket/3 (c59dbc8dee3745109c9a330e5964135e@127.0.0.1) 0.41ms referer=None
[W 2026-01-28 01:18:15.876 TerminalsExtensionApp] 404 GET /terminals/websocket/2 (c59dbc8dee3745109c9a330e5964135e@127.0.0.1) 0.40ms referer=None
[W 2026-01-28 01:18:15.982 ServerApp] 404 GET /api/kernels/34985fb2-0291-4a8b-85fc-dc041b59ad68/channels?session_id=f2728faf-bd48-46b9-9c94-c123b858286b (127.0.0.1): Kernel does not exist: 34985fb2-0291-4a8b-85fc-dc041b59ad68
[W 2026-01-28 01:18:15.982 ServerApp] 404 GET /api/kernels/34985fb2-0291-4a8b-85fc-dc041b59ad68/channels?session_id=f2728faf-bd48-46b9-9c94-c123b858286b (c59dbc8dee3745109c9a330e5964135e@127.0.0.1) 0.56ms referer=None
[W 2026-01-28 01:18:16.266 TerminalsExtensionApp] 404 GET /terminals/websocket/1 (c59dbc8dee3745109c9a330e5964135e@127.0.0.1) 0.85ms referer=None
[W 2026-01-28 01:18:16.299 TerminalsExtensionApp] 404 GET /terminals/websocket/4 (c59dbc8dee3745109c9a330e5964135e@127.0.0.1) 0.55ms referer=None
[W 2026-01-28 01:18:20.336 ServerApp] 404 GET /api/kernels/34985fb2-0291-4a8b-85fc-dc041b59ad68?1769563102176 (127.0.0.1): Kernel does not exist: 34985fb2-0291-4a8b-85fc-dc041b59ad68
[W 2026-01-28 01:18:20.336 ServerApp] wrote error: 'Kernel does not exist: 34985fb2-0291-4a8b-85fc-dc041b59ad68'
    Traceback (most recent call last):
      File "/home/aispark/Project/Facial_rec_DL/.venv/lib/python3.12/site-packages/tornado/web.py", line 1859, in _execute
        result = await result
                 ^^^^^^^^^^^^
      File "/home/aispark/Project/Facial_rec_DL/.venv/lib/python3.12/site-packages/jupyter_server/auth/decorator.py", line 73, in inner
        return await out
               ^^^^^^^^^
      File "/home/aispark/Project/Facial_rec_DL/.venv/lib/python3.12/site-packages/jupyter_server/services/kernels/handlers.py", line 75, in get
        model = await ensure_async(km.kernel_model(kernel_id))
                                   ^^^^^^^^^^^^^^^^^^^^^^^^^^
      File "/home/aispark/Project/Facial_rec_DL/.venv/lib/python3.12/site-packages/jupyter_server/services/kernels/kernelmanager.py", line 513, in kernel_model
        self._check_kernel_id(kernel_id)
      File "/home/aispark/Project/Facial_rec_DL/.venv/lib/python3.12/site-packages/jupyter_server/services/kernels/kernelmanager.py", line 544, in _check_kernel_id
        raise web.HTTPError(404, "Kernel does not exist: %s" % kernel_id)
    tornado.web.HTTPError: HTTP 404: Not Found (Kernel does not exist: 34985fb2-0291-4a8b-85fc-dc041b59ad68)
[W 2026-01-28 01:18:20.336 ServerApp] 404 GET /api/kernels/34985fb2-0291-4a8b-85fc-dc041b59ad68?1769563102176 (c59dbc8dee3745109c9a330e5964135e@127.0.0.1) 0.69ms referer=http://localhost:11002/lab
[W 2026-01-28 01:18:21.360 TerminalsExtensionApp] 404 GET /terminals/websocket/2 (c59dbc8dee3745109c9a330e5964135e@127.0.0.1) 0.54ms referer=None
[W 2026-01-28 01:18:21.391 TerminalsExtensionApp] 404 GET /terminals/websocket/3 (c59dbc8dee3745109c9a330e5964135e@127.0.0.1) 0.28ms referer=None
[W 2026-01-28 01:18:21.424 ServerApp] 404 GET /api/kernels/34985fb2-0291-4a8b-85fc-dc041b59ad68/channels?session_id=f2728faf-bd48-46b9-9c94-c123b858286b (127.0.0.1): Kernel does not exist: 34985fb2-0291-4a8b-85fc-dc041b59ad68
[W 2026-01-28 01:18:21.424 ServerApp] 404 GET /api/kernels/34985fb2-0291-4a8b-85fc-dc041b59ad68/channels?session_id=f2728faf-bd48-46b9-9c94-c123b858286b (c59dbc8dee3745109c9a330e5964135e@127.0.0.1) 0.30ms referer=None
[W 2026-01-28 01:18:21.433 ServerApp] 404 GET /api/kernels/34985fb2-0291-4a8b-85fc-dc041b59ad68?1769563103330 (127.0.0.1): Kernel does not exist: 34985fb2-0291-4a8b-85fc-dc041b59ad68
[W 2026-01-28 01:18:21.433 ServerApp] wrote error: 'Kernel does not exist: 34985fb2-0291-4a8b-85fc-dc041b59ad68'
    Traceback (most recent call last):
      File "/home/aispark/Project/Facial_rec_DL/.venv/lib/python3.12/site-packages/tornado/web.py", line 1859, in _execute
        result = await result
                 ^^^^^^^^^^^^
      File "/home/aispark/Project/Facial_rec_DL/.venv/lib/python3.12/site-packages/jupyter_server/auth/decorator.py", line 73, in inner
        return await out
               ^^^^^^^^^
      File "/home/aispark/Project/Facial_rec_DL/.venv/lib/python3.12/site-packages/jupyter_server/services/kernels/handlers.py", line 75, in get
        model = await ensure_async(km.kernel_model(kernel_id))
                                   ^^^^^^^^^^^^^^^^^^^^^^^^^^
      File "/home/aispark/Project/Facial_rec_DL/.venv/lib/python3.12/site-packages/jupyter_server/services/kernels/kernelmanager.py", line 513, in kernel_model
        self._check_kernel_id(kernel_id)
      File "/home/aispark/Project/Facial_rec_DL/.venv/lib/python3.12/site-packages/jupyter_server/services/kernels/kernelmanager.py", line 544, in _check_kernel_id
        raise web.HTTPError(404, "Kernel does not exist: %s" % kernel_id)
    tornado.web.HTTPError: HTTP 404: Not Found (Kernel does not exist: 34985fb2-0291-4a8b-85fc-dc041b59ad68)
[W 2026-01-28 01:18:21.433 ServerApp] 404 GET /api/kernels/34985fb2-0291-4a8b-85fc-dc041b59ad68?1769563103330 (c59dbc8dee3745109c9a330e5964135e@127.0.0.1) 0.40ms referer=http://localhost:11002/lab
[W 2026-01-28 01:18:22.384 TerminalsExtensionApp] 404 GET /terminals/websocket/5 (c59dbc8dee3745109c9a330e5964135e@127.0.0.1) 0.55ms referer=None
[W 2026-01-28 01:18:22.401 TerminalsExtensionApp] 404 GET /terminals/websocket/4 (c59dbc8dee3745109c9a330e5964135e@127.0.0.1) 0.27ms referer=None
[W 2026-01-28 01:18:30.169 TerminalsExtensionApp] 404 GET /terminals/websocket/5 (c59dbc8dee3745109c9a330e5964135e@127.0.0.1) 0.54ms referer=None
[W 2026-01-28 01:18:30.208 TerminalsExtensionApp] 404 GET /terminals/websocket/2 (c59dbc8dee3745109c9a330e5964135e@127.0.0.1) 0.28ms referer=None
[W 2026-01-28 01:18:32.422 ServerApp] 404 GET /api/kernels/34985fb2-0291-4a8b-85fc-dc041b59ad68/channels?session_id=f2728faf-bd48-46b9-9c94-c123b858286b (127.0.0.1): Kernel does not exist: 34985fb2-0291-4a8b-85fc-dc041b59ad68
[W 2026-01-28 01:18:32.422 ServerApp] 404 GET /api/kernels/34985fb2-0291-4a8b-85fc-dc041b59ad68/channels?session_id=f2728faf-bd48-46b9-9c94-c123b858286b (c59dbc8dee3745109c9a330e5964135e@127.0.0.1) 0.60ms referer=None
[W 2026-01-28 01:18:32.452 TerminalsExtensionApp] 404 GET /terminals/websocket/1 (c59dbc8dee3745109c9a330e5964135e@127.0.0.1) 0.29ms referer=None
[W 2026-01-28 01:18:32.537 ServerApp] 404 GET /api/kernels/34985fb2-0291-4a8b-85fc-dc041b59ad68?1769563114432 (127.0.0.1): Kernel does not exist: 34985fb2-0291-4a8b-85fc-dc041b59ad68
[W 2026-01-28 01:18:32.537 ServerApp] wrote error: 'Kernel does not exist: 34985fb2-0291-4a8b-85fc-dc041b59ad68'
    Traceback (most recent call last):
      File "/home/aispark/Project/Facial_rec_DL/.venv/lib/python3.12/site-packages/tornado/web.py", line 1859, in _execute
        result = await result
                 ^^^^^^^^^^^^
      File "/home/aispark/Project/Facial_rec_DL/.venv/lib/python3.12/site-packages/jupyter_server/auth/decorator.py", line 73, in inner
        return await out
               ^^^^^^^^^
      File "/home/aispark/Project/Facial_rec_DL/.venv/lib/python3.12/site-packages/jupyter_server/services/kernels/handlers.py", line 75, in get
        model = await ensure_async(km.kernel_model(kernel_id))
                                   ^^^^^^^^^^^^^^^^^^^^^^^^^^
      File "/home/aispark/Project/Facial_rec_DL/.venv/lib/python3.12/site-packages/jupyter_server/services/kernels/kernelmanager.py", line 513, in kernel_model
        self._check_kernel_id(kernel_id)
      File "/home/aispark/Project/Facial_rec_DL/.venv/lib/python3.12/site-packages/jupyter_server/services/kernels/kernelmanager.py", line 544, in _check_kernel_id
        raise web.HTTPError(404, "Kernel does not exist: %s" % kernel_id)
    tornado.web.HTTPError: HTTP 404: Not Found (Kernel does not exist: 34985fb2-0291-4a8b-85fc-dc041b59ad68)
[W 2026-01-28 01:18:32.538 ServerApp] 404 GET /api/kernels/34985fb2-0291-4a8b-85fc-dc041b59ad68?1769563114432 (c59dbc8dee3745109c9a330e5964135e@127.0.0.1) 0.57ms referer=http://localhost:11002/lab
[W 2026-01-28 01:18:34.978 TerminalsExtensionApp] 404 GET /terminals/websocket/4 (c59dbc8dee3745109c9a330e5964135e@127.0.0.1) 0.56ms referer=None
[W 2026-01-28 01:18:39.690 TerminalsExtensionApp] 404 GET /terminals/websocket/3 (c59dbc8dee3745109c9a330e5964135e@127.0.0.1) 0.54ms referer=None
[W 2026-01-28 01:18:42.152 TerminalsExtensionApp] 404 GET /terminals/websocket/5 (c59dbc8dee3745109c9a330e5964135e@127.0.0.1) 0.54ms referer=None
[W 2026-01-28 01:18:43.990 TerminalsExtensionApp] 404 GET /terminals/websocket/4 (c59dbc8dee3745109c9a330e5964135e@127.0.0.1) 0.53ms referer=None
[W 2026-01-28 01:18:45.527 TerminalsExtensionApp] 404 GET /terminals/websocket/2 (c59dbc8dee3745109c9a330e5964135e@127.0.0.1) 0.55ms referer=None
[W 2026-01-28 01:18:50.134 TerminalsExtensionApp] 404 GET /terminals/websocket/3 (c59dbc8dee3745109c9a330e5964135e@127.0.0.1) 0.54ms referer=None
[W 2026-01-28 01:18:50.641 ServerApp] 404 GET /api/kernels/34985fb2-0291-4a8b-85fc-dc041b59ad68/channels?session_id=f2728faf-bd48-46b9-9c94-c123b858286b (127.0.0.1): Kernel does not exist: 34985fb2-0291-4a8b-85fc-dc041b59ad68
[W 2026-01-28 01:18:50.642 ServerApp] 404 GET /api/kernels/34985fb2-0291-4a8b-85fc-dc041b59ad68/channels?session_id=f2728faf-bd48-46b9-9c94-c123b858286b (c59dbc8dee3745109c9a330e5964135e@127.0.0.1) 0.55ms referer=None
[W 2026-01-28 01:18:50.649 ServerApp] 404 GET /api/kernels/34985fb2-0291-4a8b-85fc-dc041b59ad68?1769563132548 (127.0.0.1): Kernel does not exist: 34985fb2-0291-4a8b-85fc-dc041b59ad68
[W 2026-01-28 01:18:50.649 ServerApp] wrote error: 'Kernel does not exist: 34985fb2-0291-4a8b-85fc-dc041b59ad68'
    Traceback (most recent call last):
      File "/home/aispark/Project/Facial_rec_DL/.venv/lib/python3.12/site-packages/tornado/web.py", line 1859, in _execute
        result = await result
                 ^^^^^^^^^^^^
      File "/home/aispark/Project/Facial_rec_DL/.venv/lib/python3.12/site-packages/jupyter_server/auth/decorator.py", line 73, in inner
        return await out
               ^^^^^^^^^
      File "/home/aispark/Project/Facial_rec_DL/.venv/lib/python3.12/site-packages/jupyter_server/services/kernels/handlers.py", line 75, in get
        model = await ensure_async(km.kernel_model(kernel_id))
                                   ^^^^^^^^^^^^^^^^^^^^^^^^^^
      File "/home/aispark/Project/Facial_rec_DL/.venv/lib/python3.12/site-packages/jupyter_server/services/kernels/kernelmanager.py", line 513, in kernel_model
        self._check_kernel_id(kernel_id)
      File "/home/aispark/Project/Facial_rec_DL/.venv/lib/python3.12/site-packages/jupyter_server/services/kernels/kernelmanager.py", line 544, in _check_kernel_id
        raise web.HTTPError(404, "Kernel does not exist: %s" % kernel_id)
    tornado.web.HTTPError: HTTP 404: Not Found (Kernel does not exist: 34985fb2-0291-4a8b-85fc-dc041b59ad68)
[W 2026-01-28 01:18:50.649 ServerApp] 404 GET /api/kernels/34985fb2-0291-4a8b-85fc-dc041b59ad68?1769563132548 (c59dbc8dee3745109c9a330e5964135e@127.0.0.1) 0.45ms referer=http://localhost:11002/lab
[W 2026-01-28 01:19:04.682 TerminalsExtensionApp] 404 GET /terminals/websocket/1 (c59dbc8dee3745109c9a330e5964135e@127.0.0.1) 0.65ms referer=None
[W 2026-01-28 01:19:07.134 TerminalsExtensionApp] 404 GET /terminals/websocket/5 (c59dbc8dee3745109c9a330e5964135e@127.0.0.1) 0.85ms referer=None
[W 2026-01-28 01:19:29.401 TerminalsExtensionApp] 404 GET /terminals/websocket/4 (c59dbc8dee3745109c9a330e5964135e@127.0.0.1) 0.56ms referer=None
[W 2026-01-28 01:19:34.405 ServerApp] 404 GET /api/kernels/34985fb2-0291-4a8b-85fc-dc041b59ad68/channels?session_id=f2728faf-bd48-46b9-9c94-c123b858286b (127.0.0.1): Kernel does not exist: 34985fb2-0291-4a8b-85fc-dc041b59ad68
[W 2026-01-28 01:19:34.405 ServerApp] 404 GET /api/kernels/34985fb2-0291-4a8b-85fc-dc041b59ad68/channels?session_id=f2728faf-bd48-46b9-9c94-c123b858286b (c59dbc8dee3745109c9a330e5964135e@127.0.0.1) 0.61ms referer=None
[W 2026-01-28 01:19:34.410 ServerApp] 404 GET /api/kernels/34985fb2-0291-4a8b-85fc-dc041b59ad68?1769563176312 (127.0.0.1): Kernel does not exist: 34985fb2-0291-4a8b-85fc-dc041b59ad68
[W 2026-01-28 01:19:34.411 ServerApp] wrote error: 'Kernel does not exist: 34985fb2-0291-4a8b-85fc-dc041b59ad68'
    Traceback (most recent call last):
      File "/home/aispark/Project/Facial_rec_DL/.venv/lib/python3.12/site-packages/tornado/web.py", line 1859, in _execute
        result = await result
                 ^^^^^^^^^^^^
      File "/home/aispark/Project/Facial_rec_DL/.venv/lib/python3.12/site-packages/jupyter_server/auth/decorator.py", line 73, in inner
        return await out
               ^^^^^^^^^
      File "/home/aispark/Project/Facial_rec_DL/.venv/lib/python3.12/site-packages/jupyter_server/services/kernels/handlers.py", line 75, in get
        model = await ensure_async(km.kernel_model(kernel_id))
                                   ^^^^^^^^^^^^^^^^^^^^^^^^^^
      File "/home/aispark/Project/Facial_rec_DL/.venv/lib/python3.12/site-packages/jupyter_server/services/kernels/kernelmanager.py", line 513, in kernel_model
        self._check_kernel_id(kernel_id)
      File "/home/aispark/Project/Facial_rec_DL/.venv/lib/python3.12/site-packages/jupyter_server/services/kernels/kernelmanager.py", line 544, in _check_kernel_id
        raise web.HTTPError(404, "Kernel does not exist: %s" % kernel_id)
    tornado.web.HTTPError: HTTP 404: Not Found (Kernel does not exist: 34985fb2-0291-4a8b-85fc-dc041b59ad68)
[W 2026-01-28 01:19:34.411 ServerApp] 404 GET /api/kernels/34985fb2-0291-4a8b-85fc-dc041b59ad68?1769563176312 (c59dbc8dee3745109c9a330e5964135e@127.0.0.1) 0.46ms referer=http://localhost:11002/lab
[W 2026-01-28 01:19:40.516 TerminalsExtensionApp] 404 GET /terminals/websocket/2 (c59dbc8dee3745109c9a330e5964135e@127.0.0.1) 0.58ms referer=None
[W 2026-01-28 01:19:40.741 TerminalsExtensionApp] 404 GET /terminals/websocket/3 (c59dbc8dee3745109c9a330e5964135e@127.0.0.1) 0.56ms referer=None
[W 2026-01-28 01:19:50.038 TerminalsExtensionApp] 404 GET /terminals/websocket/5 (c59dbc8dee3745109c9a330e5964135e@127.0.0.1) 0.57ms referer=None
[W 2026-01-28 01:19:57.211 TerminalsExtensionApp] 404 GET /terminals/websocket/1 (c59dbc8dee3745109c9a330e5964135e@127.0.0.1) 0.56ms referer=None
[I 2026-01-28 02:34:14.327 ServerApp] 302 GET /?token=[secret] (@127.0.0.1) 0.34ms
[I 2026-01-28 02:34:15.159 ServerApp] Adapting from protocol version 5.3 (kernel 37bf43cc-5bfe-4d80-90a3-6b8160b213da) to 5.4 (client).
[I 2026-01-28 02:34:15.160 ServerApp] Connecting to kernel 37bf43cc-5bfe-4d80-90a3-6b8160b213da.
[I 2026-01-28 02:34:15.183 ServerApp] Adapting from protocol version 5.3 (kernel df27c01f-150b-466e-82ab-fe8c87c09c96) to 5.4 (client).
[I 2026-01-28 02:34:15.183 ServerApp] Connecting to kernel df27c01f-150b-466e-82ab-fe8c87c09c96.
[I 2026-01-28 02:34:15.208 ServerApp] Adapting from protocol version 5.3 (kernel 557005a7-9533-4e56-a1c2-6214dec9d23e) to 5.4 (client).
[I 2026-01-28 02:34:15.208 ServerApp] Connecting to kernel 557005a7-9533-4e56-a1c2-6214dec9d23e.
[I 2026-01-28 02:34:15.219 ServerApp] Starting buffering for 37bf43cc-5bfe-4d80-90a3-6b8160b213da:215fbb59-a295-4829-bc52-70e3d69197f9
[I 2026-01-28 02:34:15.229 ServerApp] Adapting from protocol version 5.3 (kernel 1ec3dd34-5aa3-4ec7-9d7c-5ff2d91ac1b0) to 5.4 (client).
[I 2026-01-28 02:34:15.229 ServerApp] Connecting to kernel 1ec3dd34-5aa3-4ec7-9d7c-5ff2d91ac1b0.
[I 2026-01-28 02:34:15.233 ServerApp] Starting buffering for df27c01f-150b-466e-82ab-fe8c87c09c96:049d6cd3-ae6f-4257-a397-e7daff6e7b3a
[I 2026-01-28 02:34:15.259 ServerApp] Starting buffering for 557005a7-9533-4e56-a1c2-6214dec9d23e:26508974-c269-4546-96ce-b7cd7a760675
[I 2026-01-28 02:34:15.277 ServerApp] Starting buffering for 1ec3dd34-5aa3-4ec7-9d7c-5ff2d91ac1b0:d2981311-0eb2-44fb-a450-558c4ff34255
[W 2026-01-28 02:34:15.330 LabApp] Could not determine jupyterlab build status without nodejs
[W 2026-01-28 02:34:15.496 ServerApp] 404 GET /api/contents/Untitled.ipynb?content=0&hash=0&1769567657445 (c59dbc8dee3745109c9a330e5964135e@127.0.0.1) 0.50ms referer=http://localhost:11002/lab
[W 2026-01-28 02:34:15.497 ServerApp] 404 GET /api/contents/Untitled.ipynb?content=0&hash=0&1769567657445 (127.0.0.1): No such file or directory: Untitled.ipynb
[I 2026-01-28 02:34:15.738 ServerApp] Adapting from protocol version 5.3 (kernel df27c01f-150b-466e-82ab-fe8c87c09c96) to 5.4 (client).
[I 2026-01-28 02:34:15.739 ServerApp] Connecting to kernel df27c01f-150b-466e-82ab-fe8c87c09c96.
[I 2026-01-28 02:46:09.463 ServerApp] Adapting from protocol version 5.3 (kernel 37bf43cc-5bfe-4d80-90a3-6b8160b213da) to 5.4 (client).
[I 2026-01-28 02:46:09.463 ServerApp] Connecting to kernel 37bf43cc-5bfe-4d80-90a3-6b8160b213da.
[I 2026-01-28 03:04:13.135 ServerApp] Kernel started: 6aa175a9-5692-4f20-94c2-7a951c0a11a2
[I 2026-01-28 03:04:13.393 ServerApp] Adapting from protocol version 5.3 (kernel 6aa175a9-5692-4f20-94c2-7a951c0a11a2) to 5.4 (client).
[I 2026-01-28 03:04:13.394 ServerApp] Connecting to kernel 6aa175a9-5692-4f20-94c2-7a951c0a11a2.
[I 2026-01-28 03:05:55.841 ServerApp] Kernel started: 599487c0-af39-4a99-b0ef-e1eddd552a32
[I 2026-01-28 03:05:56.202 ServerApp] Adapting from protocol version 5.3 (kernel 599487c0-af39-4a99-b0ef-e1eddd552a32) to 5.4 (client).
[I 2026-01-28 03:05:56.202 ServerApp] Connecting to kernel 599487c0-af39-4a99-b0ef-e1eddd552a32.
[I 2026-01-28 03:11:58.351 ServerApp] Starting buffering for df27c01f-150b-466e-82ab-fe8c87c09c96:fbe6c6d6-ee75-495c-8770-ba3b9f3cc2c6
[I 2026-01-28 03:14:03.751 ServerApp] Saving file at /deepface_detection.ipynb
[I 2026-01-28 03:14:23.152 ServerApp] Saving file at /deepface_analysis.ipynb
[I 2026-01-28 03:14:27.772 ServerApp] Saving file at /deepface_detection.ipynb
[I 2026-01-28 03:22:57.901 ServerApp] Creating new notebook in 
[I 2026-01-28 03:22:58.098 ServerApp] Kernel started: 7babd291-bef8-4a41-b939-c17ed8527a40
[I 2026-01-28 03:22:58.309 ServerApp] Adapting from protocol version 5.3 (kernel 7babd291-bef8-4a41-b939-c17ed8527a40) to 5.4 (client).
[I 2026-01-28 03:22:58.309 ServerApp] Connecting to kernel 7babd291-bef8-4a41-b939-c17ed8527a40.
[I 2026-01-28 03:23:45.426 ServerApp] Saving file at /deepface_verification.ipynb
[I 2026-01-28 03:24:02.829 ServerApp] Saving file at /deepface_verification.ipynb
[I 2026-01-28 03:24:05.233 ServerApp] Saving file at /deepface_verification.ipynb
[I 2026-01-28 03:26:02.888 ServerApp] Saving file at /deepface_verification.ipynb
[I 2026-01-28 03:29:24.366 ServerApp] New terminal with automatic name: 1
